2021-12-09 13:36:44 - SQL: SELECT * FROM FUNCIONARIOS ORDER BY ID
2021-12-09 13:36:44 - SQL: SELECT * FROM FUNCOES ORDER BY ID
2021-12-09 13:36:46 - SQL: SELECT * FROM USUARIOS WHERE LOGIN = 'Exemplo.dns.Admin' AND SENHA = 'admin' ORDER BY ID
2021-12-09 13:36:48 - SQL: SELECT * FROM FUNCIONARIOS ORDER BY ID
2021-12-09 13:36:49 - SQL: SELECT * FROM FUNCIONARIOS ORDER BY ID
2021-12-09 13:36:51 - SQL: SELECT * FROM FUNCIONARIOS ORDER BY ID
2021-12-09 13:39:03 - SQL: SELECT * FROM FUNCIONARIOS ORDER BY ID
2021-12-09 13:39:03 - SQL: SELECT * FROM FUNCOES WHERE ID = 1 ORDER BY ID
2021-12-09 13:39:03 - SQL: SELECT * FROM FUNCOES WHERE ID = 2 ORDER BY ID
2021-12-09 13:39:03 - SQL: SELECT * FROM FUNCOES ORDER BY ID
2021-12-09 13:50:51 - SQL: SELECT * FROM USUARIOS WHERE LOGIN = 'Exemplo.dns.Admin' AND SENHA = 'admin' ORDER BY ID
2021-12-09 13:56:58 - SQL: SELECT * FROM FUNCIONARIOS ORDER BY ID
2021-12-09 13:56:58 - SQL: SELECT * FROM FUNCOES WHERE ID = 1 ORDER BY ID
2021-12-09 13:56:58 - SQL: SELECT * FROM FUNCOES WHERE ID = 2 ORDER BY ID
2021-12-09 13:57:22 - SQL: SELECT * FROM FUNCIONARIOS WHERE ID = 3 ORDER BY ID
2021-12-09 13:57:23 - SQL: UPDATE Funcionarios SET Nome='Fulano',Login='Fulano.dns.erp',Foto='',Id_funcao=1,Salario=100,Data_admissao=null,Data_demissao=null,Observacao='',Ativo=0 WHERE ID = 3
2021-12-09 13:57:23 - SQL: SELECT * FROM FUNCIONARIOS ORDER BY ID
2021-12-09 13:57:23 - SQL: SELECT * FROM FUNCOES WHERE ID = 1 ORDER BY ID
2021-12-09 13:57:23 - SQL: SELECT * FROM FUNCOES WHERE ID = 2 ORDER BY ID
2021-12-09 13:57:24 - SQL: SELECT * FROM FUNCOES ORDER BY ID
2021-12-09 13:57:24 - SQL: SELECT * FROM FUNCIONARIOS WHERE ID = 3 ORDER BY ID
2021-12-09 15:10:02 - SQL: SELECT * FROM FUNCIONARIOS ORDER BY ID
2021-12-09 15:10:02 - SQL: SELECT * FROM FUNCOES WHERE ID = 1 ORDER BY ID
2021-12-09 15:10:02 - SQL: SELECT * FROM FUNCOES WHERE ID = 2 ORDER BY ID
2021-12-09 15:10:02 - SQL: SELECT * FROM FUNCOES ORDER BY ID
2021-12-09 15:10:05 - SQL: SELECT * FROM USUARIOS WHERE LOGIN = 'Exemplo.dns.Admin' AND SENHA = 'admin' ORDER BY ID
2021-12-09 15:10:07 - SQL: SELECT * FROM FUNCIONARIOS ORDER BY ID
2021-12-09 15:10:07 - SQL: SELECT * FROM FUNCOES WHERE ID = 1 ORDER BY ID
2021-12-09 15:10:07 - SQL: SELECT * FROM FUNCOES WHERE ID = 2 ORDER BY ID
2021-12-09 15:11:02 - SQL: SELECT * FROM FUNCIONARIOS ORDER BY ID
2021-12-09 15:11:02 - SQL: SELECT * FROM FUNCOES WHERE ID = 1 ORDER BY ID
2021-12-09 15:11:02 - SQL: SELECT * FROM FUNCOES WHERE ID = 2 ORDER BY ID
2021-12-09 15:11:02 - SQL: SELECT * FROM FUNCOES ORDER BY ID
2021-12-09 15:11:04 - SQL: SELECT * FROM USUARIOS WHERE LOGIN = 'Exemplo.dns.Admin' AND SENHA = 'admin' ORDER BY ID
2021-12-09 15:11:07 - SQL: SELECT * FROM FUNCIONARIOS ORDER BY ID
2021-12-09 15:11:07 - SQL: SELECT * FROM FUNCOES WHERE ID = 1 ORDER BY ID
2021-12-09 15:11:07 - SQL: SELECT * FROM FUNCOES WHERE ID = 2 ORDER BY ID
2021-12-09 15:11:22 - SQL: SELECT * FROM FUNCIONARIOS ORDER BY ID
2021-12-09 15:11:22 - SQL: SELECT * FROM FUNCOES WHERE ID = 1 ORDER BY ID
2021-12-09 15:11:22 - SQL: SELECT * FROM FUNCOES WHERE ID = 2 ORDER BY ID
2021-12-09 15:12:04 - SQL: SELECT * FROM FUNCIONARIOS ORDER BY ID
2021-12-09 15:12:04 - SQL: SELECT * FROM FUNCOES WHERE ID = 1 ORDER BY ID
2021-12-09 15:12:04 - SQL: SELECT * FROM FUNCOES WHERE ID = 2 ORDER BY ID
2021-12-09 15:12:05 - SQL: SELECT * FROM FUNCOES ORDER BY ID
2021-12-09 15:12:06 - SQL: SELECT * FROM USUARIOS WHERE LOGIN = 'Exemplo.dns.Admin' AND SENHA = 'admin' ORDER BY ID
2021-12-09 15:12:08 - SQL: SELECT * FROM FUNCIONARIOS ORDER BY ID
2021-12-09 15:12:08 - SQL: SELECT * FROM FUNCOES WHERE ID = 1 ORDER BY ID
2021-12-09 15:12:08 - SQL: SELECT * FROM FUNCOES WHERE ID = 2 ORDER BY ID
2021-12-09 15:12:24 - SQL: SELECT * FROM FUNCIONARIOS ORDER BY ID
2021-12-09 15:12:24 - SQL: SELECT * FROM FUNCOES WHERE ID = 1 ORDER BY ID
2021-12-09 15:12:24 - SQL: SELECT * FROM FUNCOES WHERE ID = 2 ORDER BY ID
2021-12-09 15:27:32 - SQL: SELECT * FROM FUNCIONARIOS ORDER BY ID
2021-12-09 15:27:32 - SQL: SELECT * FROM FUNCOES WHERE ID = 1 ORDER BY ID
2021-12-09 15:27:32 - SQL: SELECT * FROM FUNCOES WHERE ID = 2 ORDER BY ID
2021-12-09 15:50:37 - SQL: SELECT * FROM FUNCIONARIOS ORDER BY ID
2021-12-09 15:50:37 - SQL: SELECT * FROM FUNCOES WHERE ID = 1 ORDER BY ID
2021-12-09 15:50:37 - SQL: SELECT * FROM FUNCOES WHERE ID = 2 ORDER BY ID
2021-12-09 15:50:38 - SQL: SELECT * FROM FUNCOES ORDER BY ID
2021-12-09 15:51:01 - SQL: SELECT * FROM USUARIOS WHERE LOGIN = 'Exemplo.dns.Admin' AND SENHA = 'admin' ORDER BY ID
2021-12-09 15:51:03 - SQL: SELECT * FROM FUNCIONARIOS ORDER BY ID
2021-12-09 15:51:03 - SQL: SELECT * FROM FUNCOES WHERE ID = 1 ORDER BY ID
2021-12-09 15:51:03 - SQL: SELECT * FROM FUNCOES WHERE ID = 2 ORDER BY ID
2021-12-09 15:51:05 - SQL: SELECT * FROM FUNCIONARIOS WHERE ID = 4 ORDER BY ID
2021-12-09 15:51:05 - SQL: SELECT * FROM TIPOS ORDER BY ID
2021-12-09 15:51:13 - SQL: SELECT * FROM FUNCIONARIOS ORDER BY ID
2021-12-09 15:51:13 - SQL: SELECT * FROM FUNCOES WHERE ID = 1 ORDER BY ID
2021-12-09 15:51:13 - SQL: SELECT * FROM FUNCOES WHERE ID = 2 ORDER BY ID
2021-12-09 15:52:16 - SQL: SELECT * FROM FUNCIONARIOS ORDER BY ID
2021-12-09 15:52:16 - SQL: SELECT * FROM FUNCOES WHERE ID = 1 ORDER BY ID
2021-12-09 15:52:16 - SQL: SELECT * FROM FUNCOES WHERE ID = 2 ORDER BY ID
2021-12-09 15:52:16 - SQL: SELECT * FROM FUNCOES ORDER BY ID
2021-12-09 15:52:18 - SQL: SELECT * FROM USUARIOS WHERE LOGIN = 'Exemplo.dns.Admin' AND SENHA = 'admin' ORDER BY ID
2021-12-09 15:52:20 - SQL: SELECT * FROM FUNCIONARIOS ORDER BY ID
2021-12-09 15:52:21 - SQL: SELECT * FROM FUNCOES WHERE ID = 1 ORDER BY ID
2021-12-09 15:52:21 - SQL: SELECT * FROM FUNCOES WHERE ID = 2 ORDER BY ID
2021-12-09 15:52:22 - SQL: SELECT * FROM FUNCIONARIOS WHERE ID = 3 ORDER BY ID
2021-12-09 15:52:29 - SQL: SELECT * FROM TIPOS ORDER BY ID
2021-12-09 15:53:20 - SQL: SELECT * FROM TIPOS ORDER BY ID
2021-12-09 15:53:24 - SQL: SELECT * FROM FUNCIONARIOS ORDER BY ID
2021-12-09 15:53:24 - SQL: SELECT * FROM FUNCOES WHERE ID = 1 ORDER BY ID
2021-12-09 15:53:25 - SQL: SELECT * FROM FUNCOES WHERE ID = 2 ORDER BY ID
2021-12-09 15:53:46 - SQL: SELECT * FROM FUNCIONARIOS ORDER BY ID
2021-12-09 15:53:46 - SQL: SELECT * FROM FUNCOES WHERE ID = 1 ORDER BY ID
2021-12-09 15:53:46 - SQL: SELECT * FROM FUNCOES WHERE ID = 2 ORDER BY ID
2021-12-09 15:53:47 - SQL: SELECT * FROM FUNCOES ORDER BY ID
2021-12-09 15:54:05 - SQL: SELECT * FROM USUARIOS WHERE LOGIN = 'Exemplo.dns.Admin' AND SENHA = 'admin' ORDER BY ID
2021-12-09 15:54:10 - SQL: SELECT * FROM FUNCIONARIOS ORDER BY ID
2021-12-09 15:54:10 - SQL: SELECT * FROM FUNCOES WHERE ID = 1 ORDER BY ID
2021-12-09 15:54:10 - SQL: SELECT * FROM FUNCOES WHERE ID = 2 ORDER BY ID
2021-12-09 15:54:11 - SQL: SELECT * FROM FUNCIONARIOS WHERE ID = 3 ORDER BY ID
2021-12-09 15:54:13 - SQL: SELECT * FROM TIPOS ORDER BY ID
2021-12-09 15:54:20 - SQL: SELECT * FROM FUNCIONARIOS ORDER BY ID
2021-12-09 15:54:20 - SQL: SELECT * FROM FUNCOES WHERE ID = 1 ORDER BY ID
2021-12-09 15:54:20 - SQL: SELECT * FROM FUNCOES WHERE ID = 2 ORDER BY ID
2021-12-09 15:54:27 - SQL: SELECT * FROM FUNCIONARIOS WHERE ID = 4 ORDER BY ID
2021-12-09 15:54:33 - SQL: SELECT * FROM TIPOS ORDER BY ID
2021-12-09 15:55:38 - SQL: SELECT * FROM FUNCIONARIOS ORDER BY ID
2021-12-09 15:55:38 - SQL: SELECT * FROM FUNCOES WHERE ID = 1 ORDER BY ID
2021-12-09 15:55:39 - SQL: SELECT * FROM FUNCOES WHERE ID = 2 ORDER BY ID
2021-12-09 15:55:39 - SQL: SELECT * FROM FUNCOES ORDER BY ID
2021-12-09 15:55:41 - SQL: SELECT * FROM USUARIOS WHERE LOGIN = 'Exemplo.dns.Admin' AND SENHA = 'admin' ORDER BY ID
2021-12-09 15:55:43 - SQL: SELECT * FROM FUNCIONARIOS ORDER BY ID
2021-12-09 15:55:43 - SQL: SELECT * FROM FUNCOES WHERE ID = 1 ORDER BY ID
2021-12-09 15:55:43 - SQL: SELECT * FROM FUNCOES WHERE ID = 2 ORDER BY ID
2021-12-09 15:55:45 - SQL: SELECT * FROM FUNCIONARIOS WHERE ID = 4 ORDER BY ID
2021-12-09 15:55:47 - SQL: SELECT * FROM TIPOS ORDER BY ID
2021-12-09 15:55:58 - SQL: SELECT * FROM FUNCIONARIOS ORDER BY ID
2021-12-09 15:55:59 - SQL: SELECT * FROM FUNCOES WHERE ID = 1 ORDER BY ID
2021-12-09 15:55:59 - SQL: SELECT * FROM FUNCOES WHERE ID = 2 ORDER BY ID
2021-12-09 15:56:40 - SQL: SELECT * FROM FUNCIONARIOS ORDER BY ID
2021-12-09 15:56:40 - SQL: SELECT * FROM FUNCOES WHERE ID = 1 ORDER BY ID
2021-12-09 15:56:40 - SQL: SELECT * FROM FUNCOES WHERE ID = 2 ORDER BY ID
2021-12-09 15:56:40 - SQL: SELECT * FROM FUNCOES ORDER BY ID
2021-12-09 16:00:05 - SQL: SELECT * FROM USUARIOS WHERE LOGIN = 'Exemplo.dns.Admin' AND SENHA = 'admin' ORDER BY ID
2021-12-09 16:00:07 - SQL: SELECT * FROM FUNCIONARIOS ORDER BY ID
2021-12-09 16:00:07 - SQL: SELECT * FROM FUNCOES WHERE ID = 1 ORDER BY ID
2021-12-09 16:00:07 - SQL: SELECT * FROM FUNCOES WHERE ID = 2 ORDER BY ID
2021-12-09 16:00:09 - SQL: SELECT * FROM FUNCIONARIOS WHERE ID = 3 ORDER BY ID
2021-12-09 16:00:12 - SQL: SELECT * FROM TIPOS ORDER BY ID
2021-12-09 16:00:20 - SQL: SELECT * FROM FUNCIONARIOS ORDER BY ID
2021-12-09 16:00:20 - SQL: SELECT * FROM FUNCOES WHERE ID = 1 ORDER BY ID
2021-12-09 16:00:20 - SQL: SELECT * FROM FUNCOES WHERE ID = 2 ORDER BY ID
2021-12-09 16:00:24 - SQL: SELECT * FROM FUNCIONARIOS WHERE ID = 4 ORDER BY ID
2021-12-09 16:00:25 - SQL: SELECT * FROM TIPOS ORDER BY ID
2021-12-09 16:00:27 - SQL: SELECT * FROM FUNCIONARIOS ORDER BY ID
2021-12-09 16:00:27 - SQL: SELECT * FROM FUNCOES WHERE ID = 1 ORDER BY ID
2021-12-09 16:00:27 - SQL: SELECT * FROM FUNCOES WHERE ID = 2 ORDER BY ID
2021-12-09 16:01:03 - SQL: SELECT * FROM FUNCIONARIOS ORDER BY ID
2021-12-09 16:01:03 - SQL: SELECT * FROM FUNCOES WHERE ID = 1 ORDER BY ID
2021-12-09 16:01:03 - SQL: SELECT * FROM FUNCOES WHERE ID = 2 ORDER BY ID
2021-12-09 16:01:03 - SQL: SELECT * FROM FUNCOES ORDER BY ID
2021-12-09 16:02:07 - SQL: SELECT * FROM USUARIOS WHERE LOGIN = 'Exemplo.dns.Admin' AND SENHA = 'admin' ORDER BY ID
2021-12-09 16:02:12 - SQL: SELECT * FROM FUNCIONARIOS ORDER BY ID
2021-12-09 16:02:12 - SQL: SELECT * FROM FUNCOES WHERE ID = 1 ORDER BY ID
2021-12-09 16:02:12 - SQL: SELECT * FROM FUNCOES WHERE ID = 2 ORDER BY ID
2021-12-09 16:02:14 - SQL: SELECT * FROM FUNCIONARIOS WHERE ID = 4 ORDER BY ID
2021-12-09 16:02:17 - SQL: SELECT * FROM TIPOS ORDER BY ID
2021-12-09 16:02:46 - SQL: INSERT INTO Historico (Id,Descricao,Id_tipo,Id_usuario,Data_historico) VALUES (2,'AUTOMATIZAÇÃO DE PROCESSOS',1,4,'12.09.2021 00:00:00')
2021-12-09 16:02:53 - TTabela.ExecutarSQL: violation of FOREIGN KEY constraint "FK_HISTORICO_2" on table "HISTORICO"
Foreign key reference target does not exist
2021-12-09 16:02:53 - TTabela.ExecutarSQL: INSERT INTO Historico (Id,Descricao,Id_tipo,Id_usuario,Data_historico) VALUES (2,'AUTOMATIZAÇÃO DE PROCESSOS',1,4,'12.09.2021 00:00:00')
2021-12-09 16:02:53 - SQL: SELECT * FROM FUNCIONARIOS ORDER BY ID
2021-12-09 16:02:53 - SQL: SELECT * FROM FUNCOES WHERE ID = 1 ORDER BY ID
2021-12-09 16:02:53 - SQL: SELECT * FROM FUNCOES WHERE ID = 2 ORDER BY ID
2021-12-09 16:02:56 - SQL: SELECT * FROM FUNCIONARIOS WHERE ID = 3 ORDER BY ID
2021-12-09 16:03:11 - SQL: SELECT * FROM TIPOS ORDER BY ID
2021-12-09 16:05:33 - SQL: SELECT * FROM FUNCIONARIOS ORDER BY ID
2021-12-09 16:05:33 - SQL: SELECT * FROM FUNCOES WHERE ID = 1 ORDER BY ID
2021-12-09 16:05:33 - SQL: SELECT * FROM FUNCOES WHERE ID = 2 ORDER BY ID
2021-12-09 16:05:33 - SQL: SELECT * FROM FUNCOES ORDER BY ID
2021-12-09 16:07:15 - SQL: SELECT * FROM USUARIOS WHERE LOGIN = 'Exemplo.dns.Admin' AND SENHA = 'admin' ORDER BY ID
2021-12-09 16:07:17 - SQL: SELECT * FROM FUNCIONARIOS ORDER BY ID
2021-12-09 16:07:17 - SQL: SELECT * FROM FUNCOES WHERE ID = 1 ORDER BY ID
2021-12-09 16:07:17 - SQL: SELECT * FROM FUNCOES WHERE ID = 2 ORDER BY ID
2021-12-09 16:07:19 - SQL: SELECT * FROM FUNCIONARIOS WHERE ID = 3 ORDER BY ID
2021-12-09 16:07:23 - SQL: SELECT * FROM TIPOS ORDER BY ID
2021-12-09 16:07:36 - SQL: INSERT INTO Historico (Id,Descricao,Id_tipo,Id_usuario,Data_historico) VALUES (3,'VALIDAÇÃO',1,3,'12.09.2021 00:00:00')
2021-12-09 16:08:53 - SQL: SELECT * FROM FUNCIONARIOS ORDER BY ID
2021-12-09 16:08:53 - SQL: SELECT * FROM FUNCOES WHERE ID = 1 ORDER BY ID
2021-12-09 16:08:53 - SQL: SELECT * FROM FUNCOES WHERE ID = 2 ORDER BY ID
2021-12-09 16:08:54 - SQL: SELECT * FROM FUNCOES ORDER BY ID
2021-12-09 16:09:36 - SQL: SELECT * FROM USUARIOS WHERE LOGIN = 'Exemplo.dns.Admin' AND SENHA = 'admin' ORDER BY ID
2021-12-09 16:09:38 - SQL: SELECT * FROM FUNCIONARIOS ORDER BY ID
2021-12-09 16:09:38 - SQL: SELECT * FROM FUNCOES WHERE ID = 1 ORDER BY ID
2021-12-09 16:09:38 - SQL: SELECT * FROM FUNCOES WHERE ID = 2 ORDER BY ID
2021-12-09 16:09:40 - SQL: SELECT * FROM FUNCIONARIOS WHERE ID = 4 ORDER BY ID
2021-12-09 16:09:40 - SQL: SELECT * FROM TIPOS ORDER BY ID
2021-12-09 16:10:24 - SQL: INSERT INTO Historico (Id,Descricao,Id_tipo,Id_funcionario,Data_historico) VALUES (4,'teste',1,4,'12.09.2021 00:00:00')
2021-12-09 16:10:24 - SQL: SELECT * FROM FUNCIONARIOS ORDER BY ID
2021-12-09 16:10:24 - SQL: SELECT * FROM FUNCOES WHERE ID = 1 ORDER BY ID
2021-12-09 16:10:24 - SQL: SELECT * FROM FUNCOES WHERE ID = 2 ORDER BY ID
2021-12-09 16:25:18 - SQL: SELECT * FROM FUNCIONARIOS ORDER BY ID
2021-12-09 16:25:19 - SQL: SELECT * FROM FUNCOES WHERE ID = 1 ORDER BY ID
2021-12-09 16:25:19 - SQL: SELECT * FROM FUNCOES WHERE ID = 2 ORDER BY ID
2021-12-09 16:25:19 - SQL: SELECT * FROM FUNCOES ORDER BY ID
2021-12-09 16:25:21 - SQL: SELECT * FROM USUARIOS WHERE LOGIN = 'Exemplo.dns.Admin' AND SENHA = 'admin' ORDER BY ID
2021-12-09 16:25:27 - SQL: SELECT * FROM FUNCIONARIOS ORDER BY ID
2021-12-09 16:25:27 - SQL: SELECT * FROM FUNCOES WHERE ID = 1 ORDER BY ID
2021-12-09 16:25:27 - SQL: SELECT * FROM FUNCOES WHERE ID = 2 ORDER BY ID
2021-12-09 16:25:29 - SQL: SELECT * FROM FUNCIONARIOS WHERE ID = 4 ORDER BY ID
2021-12-09 16:25:29 - SQL: SELECT * FROM TIPOS ORDER BY ID
2021-12-09 16:25:41 - SQL: INSERT INTO Historico (Id,Descricao,Id_tipo,Id_funcionario,Data_historico) VALUES (5,'fadfa',1,4,'18.09.2021 00:00:00')
2021-12-09 16:25:41 - SQL: SELECT * FROM FUNCIONARIOS WHERE ID = 4 ORDER BY ID
2021-12-09 16:25:46 - SQL: SELECT * FROM FUNCIONARIOS ORDER BY ID
2021-12-09 16:25:47 - SQL: SELECT * FROM FUNCOES WHERE ID = 1 ORDER BY ID
2021-12-09 16:25:47 - SQL: SELECT * FROM FUNCOES WHERE ID = 2 ORDER BY ID
2021-12-09 16:32:43 - SQL: SELECT * FROM FUNCIONARIOS ORDER BY ID
2021-12-09 16:32:43 - SQL: SELECT * FROM FUNCOES WHERE ID = 1 ORDER BY ID
2021-12-09 16:32:43 - SQL: SELECT * FROM FUNCOES WHERE ID = 2 ORDER BY ID
2021-12-09 16:32:44 - SQL: SELECT * FROM FUNCOES ORDER BY ID
2021-12-09 16:32:47 - SQL: SELECT * FROM USUARIOS WHERE LOGIN = 'Exemplo.dns.Admin' AND SENHA = 'admin' ORDER BY ID
2021-12-09 16:32:50 - SQL: SELECT * FROM FUNCIONARIOS ORDER BY ID
2021-12-09 16:32:50 - SQL: SELECT * FROM FUNCOES WHERE ID = 1 ORDER BY ID
2021-12-09 16:32:50 - SQL: SELECT * FROM FUNCOES WHERE ID = 2 ORDER BY ID
2021-12-09 16:32:52 - SQL: SELECT * FROM FUNCIONARIOS WHERE ID = 4 ORDER BY ID
2021-12-09 16:32:52 - SQL: SELECT * FROM TIPOS ORDER BY ID
2021-12-09 16:32:57 - SQL: INSERT INTO Historico (Id,Descricao,Id_tipo,Id_funcionario,Data_historico) VALUES (6,'',1,4,'18.09.2021 00:00:00')
2021-12-09 16:32:57 - SQL: SELECT * FROM FUNCIONARIOS WHERE ID = 4 ORDER BY ID
2021-12-09 16:33:07 - SQL: SELECT * FROM FUNCIONARIOS ORDER BY ID
2021-12-09 16:33:07 - SQL: SELECT * FROM FUNCOES WHERE ID = 1 ORDER BY ID
2021-12-09 16:33:07 - SQL: SELECT * FROM FUNCOES WHERE ID = 2 ORDER BY ID
2021-12-09 16:52:13 - SQL: SELECT * FROM FUNCIONARIOS ORDER BY ID
2021-12-09 16:52:13 - SQL: SELECT * FROM FUNCOES WHERE ID = 1 ORDER BY ID
2021-12-09 16:52:13 - SQL: SELECT * FROM FUNCOES WHERE ID = 2 ORDER BY ID
2021-12-09 16:52:13 - SQL: SELECT * FROM FUNCOES ORDER BY ID
2021-12-09 16:52:15 - SQL: SELECT * FROM USUARIOS WHERE LOGIN = 'Exemplo.dns.Admin' AND SENHA = 'admin' ORDER BY ID
2021-12-09 16:52:17 - SQL: SELECT * FROM FUNCIONARIOS ORDER BY ID
2021-12-09 16:52:17 - SQL: SELECT * FROM FUNCOES WHERE ID = 1 ORDER BY ID
2021-12-09 16:52:18 - SQL: SELECT * FROM FUNCOES WHERE ID = 2 ORDER BY ID
2021-12-09 16:52:19 - SQL: SELECT * FROM FUNCIONARIOS WHERE ID = 4 ORDER BY ID
2021-12-09 16:52:19 - SQL: SELECT * FROM TIPOS ORDER BY ID
2021-12-09 16:52:27 - SQL: INSERT INTO Historico (Id,Descricao,Id_tipo,Id_funcionario,Data_historico) VALUES (7,'',1,4,'16.09.2021 00:00:00')
2021-12-09 16:52:27 - SQL: SELECT * FROM FUNCIONARIOS WHERE ID = 4 ORDER BY ID
2021-12-09 16:53:03 - SQL: SELECT * FROM FUNCIONARIOS ORDER BY ID
2021-12-09 16:53:03 - SQL: SELECT * FROM FUNCOES WHERE ID = 1 ORDER BY ID
2021-12-09 16:53:03 - SQL: SELECT * FROM FUNCOES WHERE ID = 2 ORDER BY ID
2021-12-09 16:53:04 - SQL: SELECT * FROM FUNCOES ORDER BY ID
2021-12-09 16:53:06 - SQL: SELECT * FROM USUARIOS WHERE LOGIN = 'Exemplo.dns.Admin' AND SENHA = 'admin' ORDER BY ID
2021-12-09 16:53:09 - SQL: SELECT * FROM FUNCIONARIOS ORDER BY ID
2021-12-09 16:53:09 - SQL: SELECT * FROM FUNCOES WHERE ID = 1 ORDER BY ID
2021-12-09 16:53:09 - SQL: SELECT * FROM FUNCOES WHERE ID = 2 ORDER BY ID
2021-12-09 16:53:11 - SQL: SELECT * FROM FUNCIONARIOS WHERE ID = 3 ORDER BY ID
2021-12-09 16:53:11 - SQL: SELECT * FROM TIPOS ORDER BY ID
2021-12-09 16:53:16 - SQL: INSERT INTO Historico (Id,Descricao,Id_tipo,Id_funcionario,Data_historico) VALUES (8,'',1,3,'18.09.2021 00:00:00')
2021-12-09 16:53:16 - SQL: SELECT * FROM FUNCIONARIOS WHERE ID = 3 ORDER BY ID
2021-12-09 17:11:05 - SQL: SELECT * FROM FUNCIONARIOS ORDER BY ID
2021-12-09 17:11:05 - SQL: SELECT * FROM FUNCOES WHERE ID = 1 ORDER BY ID
2021-12-09 17:11:05 - SQL: SELECT * FROM FUNCOES WHERE ID = 2 ORDER BY ID
2021-12-09 17:12:00 - SQL: SELECT * FROM FUNCIONARIOS ORDER BY ID
2021-12-09 17:12:00 - SQL: SELECT * FROM FUNCOES WHERE ID = 1 ORDER BY ID
2021-12-09 17:12:00 - SQL: SELECT * FROM FUNCOES WHERE ID = 2 ORDER BY ID
2021-12-09 17:12:01 - SQL: SELECT * FROM FUNCOES ORDER BY ID
2021-12-09 17:12:02 - SQL: SELECT * FROM USUARIOS WHERE LOGIN = 'Exemplo.dns.Admin' AND SENHA = 'admin' ORDER BY ID
2021-12-09 17:12:06 - SQL: SELECT * FROM FUNCIONARIOS ORDER BY ID
2021-12-09 17:12:06 - SQL: SELECT * FROM FUNCOES WHERE ID = 1 ORDER BY ID
2021-12-09 17:12:06 - SQL: SELECT * FROM FUNCOES WHERE ID = 2 ORDER BY ID
2021-12-09 17:12:08 - SQL: SELECT * FROM FUNCIONARIOS WHERE ID = 4 ORDER BY ID
2021-12-09 17:12:08 - SQL: SELECT * FROM TIPOS ORDER BY ID
2021-12-09 17:12:12 - SQL: INSERT INTO Historico (Id,Descricao,Id_tipo,Id_funcionario,Data_historico) VALUES (9,'',1,4,'18.09.2021 00:00:00')
2021-12-09 17:12:12 - SQL: SELECT * FROM FUNCIONARIOS WHERE ID = 4 ORDER BY ID
2021-12-09 17:12:28 - SQL: SELECT * FROM FUNCIONARIOS ORDER BY ID
2021-12-09 17:12:28 - SQL: SELECT * FROM FUNCOES WHERE ID = 1 ORDER BY ID
2021-12-09 17:12:28 - SQL: SELECT * FROM FUNCOES WHERE ID = 2 ORDER BY ID
2021-12-09 17:22:45 - SQL: SELECT * FROM FUNCIONARIOS ORDER BY ID
2021-12-09 17:22:45 - SQL: SELECT * FROM FUNCOES WHERE ID = 1 ORDER BY ID
2021-12-09 17:22:45 - SQL: SELECT * FROM FUNCOES WHERE ID = 2 ORDER BY ID
2021-12-09 17:22:45 - SQL: SELECT * FROM FUNCOES ORDER BY ID
2021-12-09 17:23:07 - SQL: SELECT * FROM FUNCIONARIOS ORDER BY ID
2021-12-09 17:23:07 - SQL: SELECT * FROM FUNCOES WHERE ID = 1 ORDER BY ID
2021-12-09 17:23:07 - SQL: SELECT * FROM FUNCOES WHERE ID = 2 ORDER BY ID
2021-12-09 17:23:07 - SQL: SELECT * FROM FUNCOES ORDER BY ID
2021-12-09 17:23:09 - SQL: SELECT * FROM USUARIOS WHERE LOGIN = 'Exemplo.dns.Admin' AND SENHA = 'admin' ORDER BY ID
2021-12-09 17:23:11 - SQL: SELECT * FROM FUNCIONARIOS ORDER BY ID
2021-12-09 17:23:11 - SQL: SELECT * FROM FUNCOES WHERE ID = 1 ORDER BY ID
2021-12-09 17:23:11 - SQL: SELECT * FROM FUNCOES WHERE ID = 2 ORDER BY ID
2021-12-09 17:23:12 - SQL: SELECT * FROM FUNCIONARIOS WHERE ID = 4 ORDER BY ID
2021-12-09 17:23:12 - SQL: SELECT * FROM TIPOS ORDER BY ID
2021-12-09 17:23:21 - SQL: INSERT INTO Historico (Id,Descricao,Id_tipo,Id_funcionario,Data_historico) VALUES (10,'',1,4,'18.09.2021 00:00:00')
2021-12-09 17:23:21 - SQL: SELECT * FROM FUNCIONARIOS WHERE ID = 4 ORDER BY ID
2021-12-09 17:24:27 - SQL: SELECT * FROM FUNCIONARIOS ORDER BY ID
2021-12-09 17:24:27 - SQL: SELECT * FROM FUNCOES WHERE ID = 1 ORDER BY ID
2021-12-09 17:24:27 - SQL: SELECT * FROM FUNCOES WHERE ID = 2 ORDER BY ID
2021-12-09 17:24:27 - SQL: SELECT * FROM FUNCOES ORDER BY ID
2021-12-09 17:24:30 - SQL: SELECT * FROM USUARIOS WHERE LOGIN = 'Exemplo.dns.Admin' AND SENHA = 'admin' ORDER BY ID
2021-12-09 17:24:34 - SQL: SELECT * FROM FUNCIONARIOS ORDER BY ID
2021-12-09 17:24:34 - SQL: SELECT * FROM FUNCOES WHERE ID = 1 ORDER BY ID
2021-12-09 17:24:34 - SQL: SELECT * FROM FUNCOES WHERE ID = 2 ORDER BY ID
2021-12-09 17:24:36 - SQL: SELECT * FROM FUNCIONARIOS WHERE ID = 4 ORDER BY ID
2021-12-09 17:24:36 - SQL: SELECT * FROM TIPOS ORDER BY ID
2021-12-09 17:24:40 - SQL: INSERT INTO Historico (Id,Descricao,Id_tipo,Id_funcionario,Data_historico) VALUES (11,'',1,4,'18.09.2021 00:00:00')
2021-12-09 17:24:40 - SQL: SELECT * FROM FUNCIONARIOS WHERE ID = 4 ORDER BY ID
2021-12-09 17:24:49 - SQL: SELECT * FROM FUNCIONARIOS ORDER BY ID
2021-12-09 17:24:49 - SQL: SELECT * FROM FUNCOES WHERE ID = 1 ORDER BY ID
2021-12-09 17:24:49 - SQL: SELECT * FROM FUNCOES WHERE ID = 2 ORDER BY ID
2021-12-09 17:38:18 - SQL: SELECT * FROM FUNCIONARIOS ORDER BY ID
2021-12-09 17:38:18 - SQL: SELECT * FROM FUNCOES WHERE ID = 1 ORDER BY ID
2021-12-09 17:38:18 - SQL: SELECT * FROM FUNCOES WHERE ID = 2 ORDER BY ID
2021-12-09 17:38:18 - SQL: SELECT * FROM FUNCOES ORDER BY ID
2021-12-09 17:38:20 - SQL: SELECT * FROM USUARIOS WHERE LOGIN = 'Exemplo.dns.Admin' AND SENHA = 'admin' ORDER BY ID
2021-12-09 17:38:22 - SQL: SELECT * FROM FUNCIONARIOS ORDER BY ID
2021-12-09 17:38:22 - SQL: SELECT * FROM FUNCOES WHERE ID = 1 ORDER BY ID
2021-12-09 17:38:22 - SQL: SELECT * FROM FUNCOES WHERE ID = 2 ORDER BY ID
2021-12-09 17:38:24 - SQL: SELECT * FROM FUNCIONARIOS WHERE ID = 3 ORDER BY ID
2021-12-09 17:38:24 - SQL: SELECT * FROM TIPOS ORDER BY ID
2021-12-09 17:38:33 - SQL: INSERT INTO Historico (Id,Descricao,Id_tipo,Id_funcionario,Data_historico) VALUES (12,'',1,3,'31.08.2021 00:00:00')
2021-12-09 17:38:33 - SQL: SELECT * FROM FUNCIONARIOS WHERE ID = 3 ORDER BY ID
2021-12-09 17:39:05 - SQL: SELECT * FROM FUNCIONARIOS ORDER BY ID
2021-12-09 17:39:05 - SQL: SELECT * FROM FUNCOES WHERE ID = 1 ORDER BY ID
2021-12-09 17:39:05 - SQL: SELECT * FROM FUNCOES WHERE ID = 2 ORDER BY ID
2021-12-09 18:00:22 - SQL: SELECT * FROM FUNCIONARIOS ORDER BY ID
2021-12-09 18:00:22 - SQL: SELECT * FROM FUNCOES WHERE ID = 1 ORDER BY ID
2021-12-09 18:00:22 - SQL: SELECT * FROM FUNCOES WHERE ID = 2 ORDER BY ID
2021-12-09 18:00:22 - SQL: SELECT * FROM FUNCOES ORDER BY ID
2021-12-09 18:00:25 - SQL: SELECT * FROM USUARIOS WHERE LOGIN = 'Exemplo.dns.Admin' AND SENHA = 'admin' ORDER BY ID
2021-12-09 18:00:27 - SQL: SELECT * FROM FUNCIONARIOS ORDER BY ID
2021-12-09 18:00:27 - SQL: SELECT * FROM FUNCOES WHERE ID = 1 ORDER BY ID
2021-12-09 18:00:27 - SQL: SELECT * FROM FUNCOES WHERE ID = 2 ORDER BY ID
2021-12-09 18:00:29 - SQL: SELECT * FROM FUNCIONARIOS WHERE ID = 4 ORDER BY ID
2021-12-09 18:00:29 - SQL: SELECT * FROM TIPOS ORDER BY ID
2021-12-09 18:00:50 - SQL: INSERT INTO Historico (Id,Descricao,Id_tipo,Id_funcionario,Data_historico) VALUES (13,'TESTE DE PARECER',1,4,'17.09.2021 00:00:00')
2021-12-09 18:00:50 - SQL: SELECT * FROM FUNCIONARIOS WHERE ID = 4 ORDER BY ID
2021-12-09 18:00:50 - SQL: SELECT * FROM HISTORICO WHERE  1=1 ORDER BY H.DATA_HISTORICO DESC, ID DESC
2021-12-09 18:01:25 - SQL: SELECT * FROM FUNCIONARIOS ORDER BY ID
2021-12-09 18:01:25 - SQL: SELECT * FROM FUNCOES WHERE ID = 1 ORDER BY ID
2021-12-09 18:01:25 - SQL: SELECT * FROM FUNCOES WHERE ID = 2 ORDER BY ID
2021-12-09 18:01:25 - SQL: SELECT * FROM FUNCOES ORDER BY ID
2021-12-09 18:01:27 - SQL: SELECT * FROM USUARIOS WHERE LOGIN = 'Exemplo.dns.Admin' AND SENHA = 'admin' ORDER BY ID
2021-12-09 18:01:29 - SQL: SELECT * FROM FUNCIONARIOS ORDER BY ID
2021-12-09 18:01:29 - SQL: SELECT * FROM FUNCOES WHERE ID = 1 ORDER BY ID
2021-12-09 18:01:29 - SQL: SELECT * FROM FUNCOES WHERE ID = 2 ORDER BY ID
2021-12-09 18:01:31 - SQL: SELECT * FROM FUNCIONARIOS WHERE ID = 4 ORDER BY ID
2021-12-09 18:01:31 - SQL: SELECT * FROM TIPOS ORDER BY ID
2021-12-09 18:01:41 - SQL: INSERT INTO Historico (Id,Descricao,Id_tipo,Id_funcionario,Data_historico) VALUES (14,'TESTE',1,4,'16.09.2021 00:00:00')
2021-12-09 18:01:41 - SQL: SELECT * FROM FUNCIONARIOS WHERE ID = 4 ORDER BY ID
2021-12-09 18:01:41 - SQL: SELECT * FROM HISTORICO WHERE  1=1 ORDER BY DATA_HISTORICO DESC, ID DESC
2021-12-09 18:01:41 - SQL: SELECT * FROM TIPOS WHERE ID = 1 ORDER BY ID
2021-12-09 18:01:41 - SQL: SELECT * FROM TIPOS WHERE ID = 1 ORDER BY ID
2021-12-09 18:01:42 - SQL: SELECT * FROM TIPOS WHERE ID = 1 ORDER BY ID
2021-12-09 18:01:42 - SQL: SELECT * FROM TIPOS WHERE ID = 1 ORDER BY ID
2021-12-09 18:01:42 - SQL: SELECT * FROM TIPOS WHERE ID = 1 ORDER BY ID
2021-12-09 18:01:42 - SQL: SELECT * FROM TIPOS WHERE ID = 1 ORDER BY ID
2021-12-09 18:01:42 - SQL: SELECT * FROM TIPOS WHERE ID = 1 ORDER BY ID
2021-12-09 18:01:42 - SQL: SELECT * FROM TIPOS WHERE ID = 1 ORDER BY ID
2021-12-09 18:01:42 - SQL: SELECT * FROM TIPOS WHERE ID = 1 ORDER BY ID
2021-12-09 18:01:42 - SQL: SELECT * FROM TIPOS WHERE ID = 1 ORDER BY ID
2021-12-09 18:01:42 - SQL: SELECT * FROM TIPOS WHERE ID = 1 ORDER BY ID
2021-12-09 18:02:20 - SQL: SELECT * FROM FUNCIONARIOS ORDER BY ID
2021-12-09 18:02:20 - SQL: SELECT * FROM FUNCOES WHERE ID = 1 ORDER BY ID
2021-12-09 18:02:20 - SQL: SELECT * FROM FUNCOES WHERE ID = 2 ORDER BY ID
2021-12-09 18:02:23 - SQL: SELECT * FROM FUNCIONARIOS WHERE ID = 3 ORDER BY ID
2021-12-09 18:02:23 - SQL: SELECT * FROM TIPOS ORDER BY ID
2021-12-09 18:02:43 - SQL: INSERT INTO Historico (Id,Descricao,Id_tipo,Id_funcionario,Data_historico) VALUES (15,'TESTE 17/09 ',1,3,'17.09.2021 00:00:00')
2021-12-09 18:02:43 - SQL: SELECT * FROM FUNCIONARIOS WHERE ID = 3 ORDER BY ID
2021-12-09 18:02:43 - SQL: SELECT * FROM HISTORICO WHERE  1=1 ORDER BY DATA_HISTORICO DESC, ID DESC
2021-12-09 18:02:43 - SQL: SELECT * FROM TIPOS WHERE ID = 1 ORDER BY ID
2021-12-09 18:02:43 - SQL: SELECT * FROM TIPOS WHERE ID = 1 ORDER BY ID
2021-12-09 18:02:44 - SQL: SELECT * FROM TIPOS WHERE ID = 1 ORDER BY ID
2021-12-09 18:02:44 - SQL: SELECT * FROM TIPOS WHERE ID = 1 ORDER BY ID
2021-12-09 18:02:44 - SQL: SELECT * FROM TIPOS WHERE ID = 1 ORDER BY ID
2021-12-09 18:02:44 - SQL: SELECT * FROM TIPOS WHERE ID = 1 ORDER BY ID
2021-12-09 18:02:44 - SQL: SELECT * FROM TIPOS WHERE ID = 1 ORDER BY ID
2021-12-09 18:02:44 - SQL: SELECT * FROM TIPOS WHERE ID = 1 ORDER BY ID
2021-12-09 18:02:44 - SQL: SELECT * FROM TIPOS WHERE ID = 1 ORDER BY ID
2021-12-09 18:02:44 - SQL: SELECT * FROM TIPOS WHERE ID = 1 ORDER BY ID
2021-12-09 18:02:44 - SQL: SELECT * FROM TIPOS WHERE ID = 1 ORDER BY ID
2021-12-09 18:02:44 - SQL: SELECT * FROM TIPOS WHERE ID = 1 ORDER BY ID
2021-12-09 18:04:18 - SQL: SELECT * FROM FUNCIONARIOS ORDER BY ID
2021-12-09 18:04:18 - SQL: SELECT * FROM FUNCOES WHERE ID = 1 ORDER BY ID
2021-12-09 18:04:18 - SQL: SELECT * FROM FUNCOES WHERE ID = 2 ORDER BY ID
2021-12-09 18:04:18 - SQL: SELECT * FROM FUNCOES ORDER BY ID
2021-12-09 18:04:21 - SQL: SELECT * FROM USUARIOS WHERE LOGIN = 'Exemplo.dns.Admin' AND SENHA = 'admin' ORDER BY ID
2021-12-09 18:04:23 - SQL: SELECT * FROM FUNCIONARIOS ORDER BY ID
2021-12-09 18:04:23 - SQL: SELECT * FROM FUNCOES WHERE ID = 1 ORDER BY ID
2021-12-09 18:04:23 - SQL: SELECT * FROM FUNCOES WHERE ID = 2 ORDER BY ID
2021-12-09 18:04:26 - SQL: SELECT * FROM FUNCIONARIOS WHERE ID = 3 ORDER BY ID
2021-12-09 18:04:26 - SQL: SELECT * FROM TIPOS ORDER BY ID
2021-12-09 18:04:34 - SQL: SELECT * FROM FUNCIONARIOS ORDER BY ID
2021-12-09 18:04:34 - SQL: SELECT * FROM FUNCOES WHERE ID = 1 ORDER BY ID
2021-12-09 18:04:34 - SQL: SELECT * FROM FUNCOES WHERE ID = 2 ORDER BY ID
2021-12-09 18:09:06 - SQL: SELECT * FROM FUNCIONARIOS ORDER BY ID
2021-12-09 18:09:06 - SQL: SELECT * FROM FUNCOES WHERE ID = 1 ORDER BY ID
2021-12-09 18:09:06 - SQL: SELECT * FROM FUNCOES WHERE ID = 2 ORDER BY ID
2021-12-09 18:09:06 - SQL: SELECT * FROM FUNCOES ORDER BY ID
2021-12-09 18:09:09 - SQL: SELECT * FROM USUARIOS WHERE LOGIN = 'Exemplo.dns.Admin' AND SENHA = 'admin' ORDER BY ID
2021-12-09 18:09:18 - SQL: SELECT * FROM FUNCIONARIOS ORDER BY ID
2021-12-09 18:09:18 - SQL: SELECT * FROM FUNCOES WHERE ID = 1 ORDER BY ID
2021-12-09 18:09:18 - SQL: SELECT * FROM FUNCOES WHERE ID = 2 ORDER BY ID
2021-12-09 18:09:20 - SQL: SELECT * FROM FUNCIONARIOS WHERE ID = 4 ORDER BY ID
2021-12-09 18:09:20 - SQL: SELECT * FROM TIPOS ORDER BY ID
2021-12-09 18:09:24 - SQL: SELECT * FROM FUNCIONARIOS ORDER BY ID
2021-12-09 18:09:24 - SQL: SELECT * FROM FUNCOES WHERE ID = 1 ORDER BY ID
2021-12-09 18:09:24 - SQL: SELECT * FROM FUNCOES WHERE ID = 2 ORDER BY ID
2021-12-09 18:09:27 - SQL: SELECT * FROM FUNCOES ORDER BY ID
2021-12-09 18:15:58 - SQL: SELECT * FROM FUNCIONARIOS ORDER BY ID
2021-12-09 18:15:58 - SQL: SELECT * FROM FUNCOES WHERE ID = 1 ORDER BY ID
2021-12-09 18:15:58 - SQL: SELECT * FROM FUNCOES WHERE ID = 2 ORDER BY ID
2021-12-09 18:15:58 - SQL: SELECT * FROM FUNCOES ORDER BY ID
2021-12-09 18:16:00 - SQL: SELECT * FROM USUARIOS WHERE LOGIN = 'Exemplo.dns.Admin' AND SENHA = 'admin' ORDER BY ID
2021-12-09 18:16:05 - SQL: SELECT * FROM FUNCIONARIOS ORDER BY ID
2021-12-09 18:16:05 - SQL: SELECT * FROM FUNCOES WHERE ID = 1 ORDER BY ID
2021-12-09 18:16:06 - SQL: SELECT * FROM FUNCOES WHERE ID = 2 ORDER BY ID
2021-12-09 18:16:07 - SQL: SELECT * FROM FUNCOES ORDER BY ID
2021-12-09 18:26:50 - SQL: SELECT * FROM FUNCIONARIOS ORDER BY ID
2021-12-09 18:26:50 - SQL: SELECT * FROM FUNCOES WHERE ID = 1 ORDER BY ID
2021-12-09 18:26:50 - SQL: SELECT * FROM FUNCOES WHERE ID = 2 ORDER BY ID
2021-12-09 18:26:51 - SQL: SELECT * FROM FUNCOES ORDER BY ID
2021-12-09 18:28:07 - SQL: SELECT * FROM USUARIOS WHERE LOGIN = 'Exemplo.dns.Admin' AND SENHA = 'admin' ORDER BY ID
2021-12-09 18:28:09 - SQL: SELECT * FROM FUNCIONARIOS ORDER BY ID
2021-12-09 18:28:09 - SQL: SELECT * FROM FUNCOES WHERE ID = 1 ORDER BY ID
2021-12-09 18:28:09 - SQL: SELECT * FROM FUNCOES WHERE ID = 2 ORDER BY ID
2021-12-09 18:28:10 - SQL: SELECT * FROM FUNCOES ORDER BY ID
2021-12-09 18:28:19 - SQL: SELECT * FROM FUNCIONARIOS ORDER BY ID
2021-12-09 18:28:19 - SQL: SELECT * FROM FUNCOES WHERE ID = 1 ORDER BY ID
2021-12-09 18:28:19 - SQL: SELECT * FROM FUNCOES WHERE ID = 2 ORDER BY ID
2021-12-09 19:13:50 - SQL: SELECT * FROM FUNCIONARIOS ORDER BY ID
2021-12-09 19:13:50 - SQL: SELECT * FROM FUNCOES WHERE ID = 1 ORDER BY ID
2021-12-09 19:13:50 - SQL: SELECT * FROM FUNCOES WHERE ID = 2 ORDER BY ID
2021-12-09 19:13:50 - SQL: SELECT * FROM FUNCOES ORDER BY ID
2021-12-09 19:13:52 - SQL: SELECT * FROM USUARIOS WHERE LOGIN = 'Exemplo.dns.Admin' AND SENHA = 'admin' ORDER BY ID
2021-12-09 19:14:55 - SQL: SELECT * FROM FUNCIONARIOS ORDER BY ID
2021-12-09 19:14:55 - SQL: SELECT * FROM FUNCOES WHERE ID = 1 ORDER BY ID
2021-12-09 19:14:55 - SQL: SELECT * FROM FUNCOES WHERE ID = 2 ORDER BY ID
2021-12-09 19:14:55 - SQL: SELECT * FROM FUNCOES ORDER BY ID
2021-12-09 19:14:58 - SQL: SELECT * FROM USUARIOS WHERE LOGIN = 'Exemplo.dns.Admin' AND SENHA = 'admin' ORDER BY ID
2021-12-09 19:16:31 - SQL: SELECT * FROM FUNCIONARIOS ORDER BY ID
2021-12-09 19:16:31 - SQL: SELECT * FROM FUNCOES WHERE ID = 1 ORDER BY ID
2021-12-09 19:16:31 - SQL: SELECT * FROM FUNCOES WHERE ID = 2 ORDER BY ID
2021-12-09 19:16:31 - SQL: SELECT * FROM FUNCOES ORDER BY ID
2021-12-09 19:16:34 - SQL: SELECT * FROM USUARIOS WHERE LOGIN = 'Exemplo.dns.Admin' AND SENHA = 'admin' ORDER BY ID
2021-12-09 19:17:53 - SQL: SELECT * FROM FUNCIONARIOS ORDER BY ID
2021-12-09 19:17:53 - SQL: SELECT * FROM FUNCOES WHERE ID = 1 ORDER BY ID
2021-12-09 19:17:53 - SQL: SELECT * FROM FUNCOES WHERE ID = 2 ORDER BY ID
2021-12-09 19:17:54 - SQL: SELECT * FROM FUNCOES ORDER BY ID
2021-12-09 19:17:57 - SQL: SELECT * FROM USUARIOS WHERE LOGIN = 'Exemplo.dns.Admin' AND SENHA = 'admin' ORDER BY ID
2021-12-09 19:27:43 - SQL: SELECT * FROM FUNCIONARIOS ORDER BY ID
2021-12-09 19:27:43 - SQL: SELECT * FROM FUNCOES WHERE ID = 1 ORDER BY ID
2021-12-09 19:27:43 - SQL: SELECT * FROM FUNCOES WHERE ID = 2 ORDER BY ID
2021-12-09 19:27:43 - SQL: SELECT * FROM FUNCOES ORDER BY ID
2021-12-09 19:27:46 - SQL: SELECT * FROM USUARIOS WHERE LOGIN = 'Exemplo.dns.Admin' AND SENHA = 'admin' ORDER BY ID
2021-12-09 19:27:47 - SQL: SELECT * FROM FUNCIONARIOS ORDER BY ID
2021-12-09 19:27:47 - SQL: SELECT * FROM FUNCOES ORDER BY ID
2021-12-09 19:30:04 - SQL: SELECT * FROM FUNCIONARIOS ORDER BY ID
2021-12-09 19:30:04 - SQL: SELECT * FROM FUNCOES WHERE ID = 1 ORDER BY ID
2021-12-09 19:30:04 - SQL: SELECT * FROM FUNCOES WHERE ID = 2 ORDER BY ID
2021-12-09 19:30:04 - SQL: SELECT * FROM FUNCOES ORDER BY ID
2021-12-09 19:30:07 - SQL: SELECT * FROM USUARIOS WHERE LOGIN = 'Exemplo.dns.Admin' AND SENHA = 'admin' ORDER BY ID
2021-12-09 19:30:11 - SQL: SELECT * FROM FUNCIONARIOS ORDER BY ID
2021-12-09 19:30:11 - SQL: SELECT * FROM FUNCOES ORDER BY ID
2021-12-09 19:31:36 - SQL: SELECT * FROM FUNCIONARIOS ORDER BY ID
2021-12-09 19:31:36 - SQL: SELECT * FROM FUNCOES WHERE ID = 1 ORDER BY ID
2021-12-09 19:31:36 - SQL: SELECT * FROM FUNCOES WHERE ID = 2 ORDER BY ID
2021-12-09 19:31:38 - SQL: SELECT * FROM FUNCIONARIOS ORDER BY ID
2021-12-09 19:31:38 - SQL: SELECT * FROM FUNCOES ORDER BY ID
2021-12-09 19:31:38 - SQL: SELECT * FROM FUNCIONARIOS ORDER BY ID
2021-12-09 19:31:38 - SQL: SELECT * FROM FUNCOES WHERE ID = 1 ORDER BY ID
2021-12-09 19:31:38 - SQL: SELECT * FROM FUNCOES WHERE ID = 2 ORDER BY ID
2021-12-09 19:52:21 - SQL: SELECT * FROM FUNCIONARIOS ORDER BY ID
2021-12-09 19:52:21 - SQL: SELECT * FROM FUNCOES WHERE ID = 1 ORDER BY ID
2021-12-09 19:52:22 - SQL: SELECT * FROM FUNCOES WHERE ID = 2 ORDER BY ID
2021-12-09 19:52:22 - SQL: SELECT * FROM FUNCOES ORDER BY ID
2021-12-09 19:52:23 - SQL: SELECT * FROM USUARIOS WHERE LOGIN = 'Exemplo.dns.Admin' AND SENHA = 'admin' ORDER BY ID
2021-12-09 19:52:25 - SQL: SELECT * FROM FUNCIONARIOS ORDER BY ID
2021-12-09 19:52:25 - SQL: SELECT * FROM FUNCOES ORDER BY ID
2021-12-09 19:52:34 - SQL: SELECT                                                F.LOGIN,                                         T.DESCRICAO AS TIPO,                             H.DESCRICAO,                                     H.DATA_HISTORICO                                   FROM FUNCIONARIOS F                              JOIN FUNCOES FU ON FU.ID = F.ID_FUNCAO            JOIN HISTORICO H ON H.ID_FUNCIONARIO = F.ID      JOIN TIPOS T ON T.ID = H.ID_TIPO               WHERE 1=1  AND  H.DATA_HISTORICO BETWEEN '12.09.2021' AND '12.09.2021'
2021-12-09 19:53:30 - SQL: SELECT * FROM FUNCIONARIOS ORDER BY ID
2021-12-09 19:53:30 - SQL: SELECT * FROM FUNCOES WHERE ID = 1 ORDER BY ID
2021-12-09 19:53:30 - SQL: SELECT * FROM FUNCOES WHERE ID = 2 ORDER BY ID
2021-12-09 19:53:30 - SQL: SELECT * FROM FUNCOES ORDER BY ID
2021-12-09 19:53:32 - SQL: SELECT * FROM USUARIOS WHERE LOGIN = 'Exemplo.dns.Admin' AND SENHA = 'admin' ORDER BY ID
2021-12-09 19:53:34 - SQL: SELECT * FROM FUNCIONARIOS ORDER BY ID
2021-12-09 19:53:34 - SQL: SELECT * FROM FUNCOES ORDER BY ID
2021-12-09 19:54:20 - SQL: SELECT                                                F.LOGIN,                                         T.DESCRICAO AS TIPO,                             H.DESCRICAO,                                     H.DATA_HISTORICO                                   FROM FUNCIONARIOS F                              JOIN FUNCOES FU ON FU.ID = F.ID_FUNCAO            JOIN HISTORICO H ON H.ID_FUNCIONARIO = F.ID      JOIN TIPOS T ON T.ID = H.ID_TIPO               WHERE 1=1  AND  H.DATA_HISTORICO BETWEEN '12.09.2021' AND '12.09.2021'
2021-12-09 19:54:47 - SQL: SELECT                                                F.LOGIN,                                         T.DESCRICAO AS TIPO,                             H.DESCRICAO,                                     H.DATA_HISTORICO                                   FROM FUNCIONARIOS F                              JOIN FUNCOES FU ON FU.ID = F.ID_FUNCAO            JOIN HISTORICO H ON H.ID_FUNCIONARIO = F.ID      JOIN TIPOS T ON T.ID = H.ID_TIPO               WHERE 1=1  AND  H.DATA_HISTORICO BETWEEN '12.09.2021' AND '12.09.2021'
2021-12-09 19:55:26 - SQL: SELECT                                                F.LOGIN,                                         T.DESCRICAO AS TIPO,                             H.DESCRICAO,                                     H.DATA_HISTORICO                                   FROM FUNCIONARIOS F                              JOIN FUNCOES FU ON FU.ID = F.ID_FUNCAO            JOIN HISTORICO H ON H.ID_FUNCIONARIO = F.ID      JOIN TIPOS T ON T.ID = H.ID_TIPO               WHERE 1=1  AND  H.DATA_HISTORICO BETWEEN '12.09.2021' AND '12.09.2021'
2021-12-09 19:59:10 - SQL: SELECT * FROM FUNCIONARIOS ORDER BY ID
2021-12-09 19:59:10 - SQL: SELECT * FROM FUNCOES WHERE ID = 1 ORDER BY ID
2021-12-09 19:59:10 - SQL: SELECT * FROM FUNCOES WHERE ID = 2 ORDER BY ID
2021-12-09 19:59:10 - SQL: SELECT * FROM FUNCOES ORDER BY ID
2021-12-09 19:59:12 - SQL: SELECT * FROM USUARIOS WHERE LOGIN = 'Exemplo.dns.Admin' AND SENHA = 'admin' ORDER BY ID
2021-12-09 19:59:14 - SQL: SELECT * FROM FUNCIONARIOS ORDER BY ID
2021-12-09 19:59:14 - SQL: SELECT * FROM FUNCOES ORDER BY ID
2021-12-09 19:59:19 - SQL: SELECT                                                F.LOGIN,                                         T.DESCRICAO AS TIPO,                             H.DESCRICAO,                                     H.DATA_HISTORICO                                   FROM FUNCIONARIOS F                              JOIN FUNCOES FU ON FU.ID = F.ID_FUNCAO            JOIN HISTORICO H ON H.ID_FUNCIONARIO = F.ID      JOIN TIPOS T ON T.ID = H.ID_TIPO               WHERE 1=1  AND  H.DATA_HISTORICO BETWEEN '12.09.2021' AND '12.09.2021'
2021-12-09 20:00:13 - SQL: SELECT * FROM FUNCIONARIOS ORDER BY ID
2021-12-09 20:00:13 - SQL: SELECT * FROM FUNCOES WHERE ID = 1 ORDER BY ID
2021-12-09 20:00:13 - SQL: SELECT * FROM FUNCOES WHERE ID = 2 ORDER BY ID
2021-12-09 20:00:14 - SQL: SELECT * FROM FUNCOES ORDER BY ID
2021-12-09 20:00:16 - SQL: SELECT * FROM USUARIOS WHERE LOGIN = 'Exemplo.dns.Admin' AND SENHA = 'admin' ORDER BY ID
2021-12-09 20:00:18 - SQL: SELECT * FROM FUNCIONARIOS ORDER BY ID
2021-12-09 20:00:18 - SQL: SELECT * FROM FUNCOES ORDER BY ID
2021-12-09 20:00:43 - SQL: SELECT                                                F.LOGIN,                                         T.DESCRICAO AS TIPO,                             H.DESCRICAO,                                     H.DATA_HISTORICO                                   FROM FUNCIONARIOS F                              JOIN FUNCOES FU ON FU.ID = F.ID_FUNCAO            JOIN HISTORICO H ON H.ID_FUNCIONARIO = F.ID      JOIN TIPOS T ON T.ID = H.ID_TIPO               WHERE 1=1  AND  H.DATA_HISTORICO BETWEEN '12.09.2021' AND '12.09.2021'
2021-12-09 20:01:18 - SQL: SELECT * FROM FUNCIONARIOS ORDER BY ID
2021-12-09 20:01:18 - SQL: SELECT * FROM FUNCOES WHERE ID = 1 ORDER BY ID
2021-12-09 20:01:18 - SQL: SELECT * FROM FUNCOES WHERE ID = 2 ORDER BY ID
2021-12-09 20:01:19 - SQL: SELECT * FROM FUNCOES ORDER BY ID
2021-12-09 20:01:21 - SQL: SELECT * FROM USUARIOS WHERE LOGIN = 'Exemplo.dns.Admin' AND SENHA = 'admin' ORDER BY ID
2021-12-09 20:01:23 - SQL: SELECT * FROM FUNCIONARIOS ORDER BY ID
2021-12-09 20:01:23 - SQL: SELECT * FROM FUNCOES ORDER BY ID
2021-12-09 20:01:27 - SQL: SELECT                                                F.LOGIN,                                         T.DESCRICAO AS TIPO,                             H.DESCRICAO,                                     H.DATA_HISTORICO                                   FROM FUNCIONARIOS F                              JOIN FUNCOES FU ON FU.ID = F.ID_FUNCAO            JOIN HISTORICO H ON H.ID_FUNCIONARIO = F.ID      JOIN TIPOS T ON T.ID = H.ID_TIPO               WHERE 1=1  AND  H.DATA_HISTORICO BETWEEN '12.09.2021' AND '12.09.2021'
2021-12-09 20:03:07 - SQL: SELECT * FROM FUNCIONARIOS ORDER BY ID
2021-12-09 20:03:07 - SQL: SELECT * FROM FUNCOES WHERE ID = 1 ORDER BY ID
2021-12-09 20:03:07 - SQL: SELECT * FROM FUNCOES WHERE ID = 2 ORDER BY ID
2021-12-09 20:03:08 - SQL: SELECT * FROM FUNCOES ORDER BY ID
2021-12-09 20:03:11 - SQL: SELECT * FROM USUARIOS WHERE LOGIN = 'Exemplo.dns.Admin' AND SENHA = 'admin' ORDER BY ID
2021-12-09 20:03:13 - SQL: SELECT * FROM FUNCIONARIOS ORDER BY ID
2021-12-09 20:03:13 - SQL: SELECT * FROM FUNCOES ORDER BY ID
2021-12-09 20:03:22 - SQL: SELECT                                                F.LOGIN,                                         T.DESCRICAO AS TIPO,                             H.DESCRICAO,                                     H.DATA_HISTORICO                                   FROM FUNCIONARIOS F                              JOIN FUNCOES FU ON FU.ID = F.ID_FUNCAO            JOIN HISTORICO H ON H.ID_FUNCIONARIO = F.ID      JOIN TIPOS T ON T.ID = H.ID_TIPO               WHERE 1=1  AND  H.DATA_HISTORICO BETWEEN '01.09.2021' AND '01.09.2021'
2021-12-09 20:03:41 - SQL: SELECT                                                F.LOGIN,                                         T.DESCRICAO AS TIPO,                             H.DESCRICAO,                                     H.DATA_HISTORICO                                   FROM FUNCIONARIOS F                              JOIN FUNCOES FU ON FU.ID = F.ID_FUNCAO            JOIN HISTORICO H ON H.ID_FUNCIONARIO = F.ID      JOIN TIPOS T ON T.ID = H.ID_TIPO               WHERE 1=1  AND  H.DATA_HISTORICO BETWEEN '01.06.2021' AND '01.06.2021'
2021-12-09 20:03:43 - SQL: SELECT                                                F.LOGIN,                                         T.DESCRICAO AS TIPO,                             H.DESCRICAO,                                     H.DATA_HISTORICO                                   FROM FUNCIONARIOS F                              JOIN FUNCOES FU ON FU.ID = F.ID_FUNCAO            JOIN HISTORICO H ON H.ID_FUNCIONARIO = F.ID      JOIN TIPOS T ON T.ID = H.ID_TIPO               WHERE 1=1  AND  H.DATA_HISTORICO BETWEEN '01.06.2021' AND '01.06.2021'
2021-12-09 20:03:44 - SQL: SELECT                                                F.LOGIN,                                         T.DESCRICAO AS TIPO,                             H.DESCRICAO,                                     H.DATA_HISTORICO                                   FROM FUNCIONARIOS F                              JOIN FUNCOES FU ON FU.ID = F.ID_FUNCAO            JOIN HISTORICO H ON H.ID_FUNCIONARIO = F.ID      JOIN TIPOS T ON T.ID = H.ID_TIPO               WHERE 1=1  AND  H.DATA_HISTORICO BETWEEN '01.06.2021' AND '01.06.2021'
2021-12-09 20:04:29 - SQL: SELECT * FROM FUNCIONARIOS ORDER BY ID
2021-12-09 20:04:29 - SQL: SELECT * FROM FUNCOES WHERE ID = 1 ORDER BY ID
2021-12-09 20:04:29 - SQL: SELECT * FROM FUNCOES WHERE ID = 2 ORDER BY ID
2021-12-09 20:04:29 - SQL: SELECT * FROM FUNCOES ORDER BY ID
2021-12-09 20:04:31 - SQL: SELECT * FROM USUARIOS WHERE LOGIN = 'Exemplo.dns.Admin' AND SENHA = 'admin' ORDER BY ID
2021-12-09 20:04:34 - SQL: SELECT * FROM FUNCIONARIOS ORDER BY ID
2021-12-09 20:04:34 - SQL: SELECT * FROM FUNCOES ORDER BY ID
2021-12-09 20:04:40 - SQL: SELECT                                                F.LOGIN,                                         T.DESCRICAO AS TIPO,                             H.DESCRICAO,                                     H.DATA_HISTORICO                                   FROM FUNCIONARIOS F                              JOIN FUNCOES FU ON FU.ID = F.ID_FUNCAO            JOIN HISTORICO H ON H.ID_FUNCIONARIO = F.ID      JOIN TIPOS T ON T.ID = H.ID_TIPO               WHERE 1=1  AND  H.DATA_HISTORICO BETWEEN '01.09.2021' AND '12.09.2021'
2021-12-09 20:04:54 - SQL: SELECT                                                F.LOGIN,                                         T.DESCRICAO AS TIPO,                             H.DESCRICAO,                                     H.DATA_HISTORICO                                   FROM FUNCIONARIOS F                              JOIN FUNCOES FU ON FU.ID = F.ID_FUNCAO            JOIN HISTORICO H ON H.ID_FUNCIONARIO = F.ID      JOIN TIPOS T ON T.ID = H.ID_TIPO               WHERE 1=1  AND  H.DATA_HISTORICO BETWEEN '01.09.2018' AND '12.09.2021'
2021-12-09 20:04:59 - SQL: SELECT                                                F.LOGIN,                                         T.DESCRICAO AS TIPO,                             H.DESCRICAO,                                     H.DATA_HISTORICO                                   FROM FUNCIONARIOS F                              JOIN FUNCOES FU ON FU.ID = F.ID_FUNCAO            JOIN HISTORICO H ON H.ID_FUNCIONARIO = F.ID      JOIN TIPOS T ON T.ID = H.ID_TIPO               WHERE 1=1  AND  H.DATA_HISTORICO BETWEEN '01.09.2018' AND '12.09.2021'
2021-12-09 20:05:23 - SQL: SELECT                                                F.LOGIN,                                         T.DESCRICAO AS TIPO,                             H.DESCRICAO,                                     H.DATA_HISTORICO                                   FROM FUNCIONARIOS F                              JOIN FUNCOES FU ON FU.ID = F.ID_FUNCAO            JOIN HISTORICO H ON H.ID_FUNCIONARIO = F.ID      JOIN TIPOS T ON T.ID = H.ID_TIPO               WHERE 1=1  AND  H.DATA_HISTORICO BETWEEN '01.09.2018' AND '12.09.2021'
2021-12-09 20:06:44 - SQL: SELECT * FROM FUNCIONARIOS ORDER BY ID
2021-12-09 20:06:44 - SQL: SELECT * FROM FUNCOES WHERE ID = 1 ORDER BY ID
2021-12-09 20:06:44 - SQL: SELECT * FROM FUNCOES WHERE ID = 2 ORDER BY ID
2021-12-09 20:06:45 - SQL: SELECT * FROM FUNCOES ORDER BY ID
2021-12-09 20:06:46 - SQL: SELECT * FROM USUARIOS WHERE LOGIN = 'Exemplo.dns.Admin' AND SENHA = 'admin' ORDER BY ID
2021-12-09 20:06:48 - SQL: SELECT * FROM FUNCIONARIOS ORDER BY ID
2021-12-09 20:06:48 - SQL: SELECT * FROM FUNCOES ORDER BY ID
2021-12-09 20:06:58 - SQL: SELECT                                                F.LOGIN,                                         T.DESCRICAO AS TIPO,                             H.DESCRICAO,                                     H.DATA_HISTORICO                                   FROM FUNCIONARIOS F                              JOIN FUNCOES FU ON FU.ID = F.ID_FUNCAO            JOIN HISTORICO H ON H.ID_FUNCIONARIO = F.ID      JOIN TIPOS T ON T.ID = H.ID_TIPO               WHERE 1=1  AND  H.DATA_HISTORICO BETWEEN '12.09.2016' AND '12.09.2021'
2021-12-09 20:07:16 - SQL: SELECT                                                F.LOGIN,                                         T.DESCRICAO AS TIPO,                             H.DESCRICAO,                                     H.DATA_HISTORICO                                   FROM FUNCIONARIOS F                              JOIN FUNCOES FU ON FU.ID = F.ID_FUNCAO            JOIN HISTORICO H ON H.ID_FUNCIONARIO = F.ID      JOIN TIPOS T ON T.ID = H.ID_TIPO               WHERE 1=1  AND  H.DATA_HISTORICO BETWEEN '12.09.2016' AND '12.09.2022'
2021-12-09 20:07:28 - SQL: SELECT                                                F.LOGIN,                                         T.DESCRICAO AS TIPO,                             H.DESCRICAO,                                     H.DATA_HISTORICO                                   FROM FUNCIONARIOS F                              JOIN FUNCOES FU ON FU.ID = F.ID_FUNCAO            JOIN HISTORICO H ON H.ID_FUNCIONARIO = F.ID      JOIN TIPOS T ON T.ID = H.ID_TIPO               WHERE 1=1  AND F.LOGIN = 'Todos
Fulano.dns.erp
Beltrano.dns.erp
' AND  H.DATA_HISTORICO BETWEEN '12.09.2016' AND '12.09.2022'
2021-12-09 20:09:32 - SQL: SELECT * FROM FUNCIONARIOS ORDER BY ID
2021-12-09 20:09:33 - SQL: SELECT * FROM FUNCOES WHERE ID = 1 ORDER BY ID
2021-12-09 20:09:33 - SQL: SELECT * FROM FUNCOES WHERE ID = 2 ORDER BY ID
2021-12-09 20:09:33 - SQL: SELECT * FROM FUNCOES ORDER BY ID
2021-12-09 20:09:49 - SQL: SELECT * FROM USUARIOS WHERE LOGIN = 'Exemplo.dns.Admin' AND SENHA = 'admin' ORDER BY ID
2021-12-09 20:09:58 - SQL: SELECT * FROM FUNCIONARIOS ORDER BY ID
2021-12-09 20:09:58 - SQL: SELECT * FROM FUNCOES ORDER BY ID
2021-12-09 20:10:23 - SQL: SELECT                                                F.LOGIN,                                         T.DESCRICAO AS TIPO,                             H.DESCRICAO,                                     H.DATA_HISTORICO                                   FROM FUNCIONARIOS F                              JOIN FUNCOES FU ON FU.ID = F.ID_FUNCAO            JOIN HISTORICO H ON H.ID_FUNCIONARIO = F.ID      JOIN TIPOS T ON T.ID = H.ID_TIPO               WHERE 1=1  AND  H.DATA_HISTORICO BETWEEN '12.09.2017' AND '12.09.2026'
2021-12-09 20:10:29 - SQL: SELECT                                                F.LOGIN,                                         T.DESCRICAO AS TIPO,                             H.DESCRICAO,                                     H.DATA_HISTORICO                                   FROM FUNCIONARIOS F                              JOIN FUNCOES FU ON FU.ID = F.ID_FUNCAO            JOIN HISTORICO H ON H.ID_FUNCIONARIO = F.ID      JOIN TIPOS T ON T.ID = H.ID_TIPO               WHERE 1=1  AND F.LOGIN = 'Beltrano.dns.erp' AND  H.DATA_HISTORICO BETWEEN '12.09.2017' AND '12.09.2026'
2021-12-09 20:10:34 - SQL: SELECT                                                F.LOGIN,                                         T.DESCRICAO AS TIPO,                             H.DESCRICAO,                                     H.DATA_HISTORICO                                   FROM FUNCIONARIOS F                              JOIN FUNCOES FU ON FU.ID = F.ID_FUNCAO            JOIN HISTORICO H ON H.ID_FUNCIONARIO = F.ID      JOIN TIPOS T ON T.ID = H.ID_TIPO               WHERE 1=1  AND F.LOGIN = 'Fulano.dns.erp' AND  H.DATA_HISTORICO BETWEEN '12.09.2017' AND '12.09.2026'
2021-12-09 20:10:39 - SQL: SELECT                                                F.LOGIN,                                         T.DESCRICAO AS TIPO,                             H.DESCRICAO,                                     H.DATA_HISTORICO                                   FROM FUNCIONARIOS F                              JOIN FUNCOES FU ON FU.ID = F.ID_FUNCAO            JOIN HISTORICO H ON H.ID_FUNCIONARIO = F.ID      JOIN TIPOS T ON T.ID = H.ID_TIPO               WHERE 1=1  AND  H.DATA_HISTORICO BETWEEN '12.09.2017' AND '12.09.2026'
2021-12-09 20:10:49 - SQL: SELECT                                                F.LOGIN,                                         T.DESCRICAO AS TIPO,                             H.DESCRICAO,                                     H.DATA_HISTORICO                                   FROM FUNCIONARIOS F                              JOIN FUNCOES FU ON FU.ID = F.ID_FUNCAO            JOIN HISTORICO H ON H.ID_FUNCIONARIO = F.ID      JOIN TIPOS T ON T.ID = H.ID_TIPO               WHERE 1=1  AND F.LOGIN = 'Beltrano.dns.erp' AND  H.DATA_HISTORICO BETWEEN '12.09.2017' AND '12.09.2026'
2021-12-09 20:10:54 - SQL: SELECT                                                F.LOGIN,                                         T.DESCRICAO AS TIPO,                             H.DESCRICAO,                                     H.DATA_HISTORICO                                   FROM FUNCIONARIOS F                              JOIN FUNCOES FU ON FU.ID = F.ID_FUNCAO            JOIN HISTORICO H ON H.ID_FUNCIONARIO = F.ID      JOIN TIPOS T ON T.ID = H.ID_TIPO               WHERE 1=1  AND F.LOGIN = 'Fulano.dns.erp' AND  H.DATA_HISTORICO BETWEEN '12.09.2017' AND '12.09.2026'
2021-12-09 20:10:58 - SQL: SELECT                                                F.LOGIN,                                         T.DESCRICAO AS TIPO,                             H.DESCRICAO,                                     H.DATA_HISTORICO                                   FROM FUNCIONARIOS F                              JOIN FUNCOES FU ON FU.ID = F.ID_FUNCAO            JOIN HISTORICO H ON H.ID_FUNCIONARIO = F.ID      JOIN TIPOS T ON T.ID = H.ID_TIPO               WHERE 1=1  AND F.LOGIN = 'Beltrano.dns.erp' AND  H.DATA_HISTORICO BETWEEN '12.09.2017' AND '12.09.2026'
2021-12-09 20:11:05 - SQL: SELECT                                                F.LOGIN,                                         T.DESCRICAO AS TIPO,                             H.DESCRICAO,                                     H.DATA_HISTORICO                                   FROM FUNCIONARIOS F                              JOIN FUNCOES FU ON FU.ID = F.ID_FUNCAO            JOIN HISTORICO H ON H.ID_FUNCIONARIO = F.ID      JOIN TIPOS T ON T.ID = H.ID_TIPO               WHERE 1=1  AND  H.DATA_HISTORICO BETWEEN '12.09.2017' AND '12.09.2026'
2021-12-09 20:11:09 - SQL: SELECT                                                F.LOGIN,                                         T.DESCRICAO AS TIPO,                             H.DESCRICAO,                                     H.DATA_HISTORICO                                   FROM FUNCIONARIOS F                              JOIN FUNCOES FU ON FU.ID = F.ID_FUNCAO            JOIN HISTORICO H ON H.ID_FUNCIONARIO = F.ID      JOIN TIPOS T ON T.ID = H.ID_TIPO               WHERE 1=1  AND FU.DESCRICAO = 'PROGRAMADOR' AND  H.DATA_HISTORICO BETWEEN '12.09.2017' AND '12.09.2026'
2021-12-09 20:11:13 - SQL: SELECT                                                F.LOGIN,                                         T.DESCRICAO AS TIPO,                             H.DESCRICAO,                                     H.DATA_HISTORICO                                   FROM FUNCIONARIOS F                              JOIN FUNCOES FU ON FU.ID = F.ID_FUNCAO            JOIN HISTORICO H ON H.ID_FUNCIONARIO = F.ID      JOIN TIPOS T ON T.ID = H.ID_TIPO               WHERE 1=1  AND FU.DESCRICAO = 'ANALISTA' AND  H.DATA_HISTORICO BETWEEN '12.09.2017' AND '12.09.2026'
2021-12-09 20:11:21 - SQL: SELECT                                                F.LOGIN,                                         T.DESCRICAO AS TIPO,                             H.DESCRICAO,                                     H.DATA_HISTORICO                                   FROM FUNCIONARIOS F                              JOIN FUNCOES FU ON FU.ID = F.ID_FUNCAO            JOIN HISTORICO H ON H.ID_FUNCIONARIO = F.ID      JOIN TIPOS T ON T.ID = H.ID_TIPO               WHERE 1=1  AND F.LOGIN = 'Fulano.dns.erp' AND FU.DESCRICAO = 'ANALISTA' AND  H.DATA_HISTORICO BETWEEN '12.09.2017' AND '12.09.2026'
2021-12-09 20:11:22 - SQL: SELECT                                                F.LOGIN,                                         T.DESCRICAO AS TIPO,                             H.DESCRICAO,                                     H.DATA_HISTORICO                                   FROM FUNCIONARIOS F                              JOIN FUNCOES FU ON FU.ID = F.ID_FUNCAO            JOIN HISTORICO H ON H.ID_FUNCIONARIO = F.ID      JOIN TIPOS T ON T.ID = H.ID_TIPO               WHERE 1=1  AND F.LOGIN = 'Fulano.dns.erp' AND FU.DESCRICAO = 'ANALISTA' AND  H.DATA_HISTORICO BETWEEN '12.09.2017' AND '12.09.2026'
2021-12-09 20:11:23 - SQL: SELECT                                                F.LOGIN,                                         T.DESCRICAO AS TIPO,                             H.DESCRICAO,                                     H.DATA_HISTORICO                                   FROM FUNCIONARIOS F                              JOIN FUNCOES FU ON FU.ID = F.ID_FUNCAO            JOIN HISTORICO H ON H.ID_FUNCIONARIO = F.ID      JOIN TIPOS T ON T.ID = H.ID_TIPO               WHERE 1=1  AND F.LOGIN = 'Fulano.dns.erp' AND FU.DESCRICAO = 'ANALISTA' AND  H.DATA_HISTORICO BETWEEN '12.09.2017' AND '12.09.2026'
2021-12-09 20:11:29 - SQL: SELECT                                                F.LOGIN,                                         T.DESCRICAO AS TIPO,                             H.DESCRICAO,                                     H.DATA_HISTORICO                                   FROM FUNCIONARIOS F                              JOIN FUNCOES FU ON FU.ID = F.ID_FUNCAO            JOIN HISTORICO H ON H.ID_FUNCIONARIO = F.ID      JOIN TIPOS T ON T.ID = H.ID_TIPO               WHERE 1=1  AND F.LOGIN = 'Fulano.dns.erp' AND FU.DESCRICAO = 'ANALISTA' AND  H.DATA_HISTORICO BETWEEN '12.09.2017' AND '12.09.2026'
2021-12-09 20:11:30 - SQL: SELECT                                                F.LOGIN,                                         T.DESCRICAO AS TIPO,                             H.DESCRICAO,                                     H.DATA_HISTORICO                                   FROM FUNCIONARIOS F                              JOIN FUNCOES FU ON FU.ID = F.ID_FUNCAO            JOIN HISTORICO H ON H.ID_FUNCIONARIO = F.ID      JOIN TIPOS T ON T.ID = H.ID_TIPO               WHERE 1=1  AND F.LOGIN = 'Fulano.dns.erp' AND FU.DESCRICAO = 'ANALISTA' AND  H.DATA_HISTORICO BETWEEN '12.09.2017' AND '12.09.2026'
2021-12-09 20:11:30 - SQL: SELECT                                                F.LOGIN,                                         T.DESCRICAO AS TIPO,                             H.DESCRICAO,                                     H.DATA_HISTORICO                                   FROM FUNCIONARIOS F                              JOIN FUNCOES FU ON FU.ID = F.ID_FUNCAO            JOIN HISTORICO H ON H.ID_FUNCIONARIO = F.ID      JOIN TIPOS T ON T.ID = H.ID_TIPO               WHERE 1=1  AND F.LOGIN = 'Fulano.dns.erp' AND FU.DESCRICAO = 'ANALISTA' AND  H.DATA_HISTORICO BETWEEN '12.09.2017' AND '12.09.2026'
2021-12-09 20:11:30 - SQL: SELECT                                                F.LOGIN,                                         T.DESCRICAO AS TIPO,                             H.DESCRICAO,                                     H.DATA_HISTORICO                                   FROM FUNCIONARIOS F                              JOIN FUNCOES FU ON FU.ID = F.ID_FUNCAO            JOIN HISTORICO H ON H.ID_FUNCIONARIO = F.ID      JOIN TIPOS T ON T.ID = H.ID_TIPO               WHERE 1=1  AND F.LOGIN = 'Fulano.dns.erp' AND FU.DESCRICAO = 'ANALISTA' AND  H.DATA_HISTORICO BETWEEN '12.09.2017' AND '12.09.2026'
2021-12-09 20:12:30 - SQL: SELECT * FROM FUNCIONARIOS ORDER BY ID
2021-12-09 20:12:30 - SQL: SELECT * FROM FUNCOES WHERE ID = 1 ORDER BY ID
2021-12-09 20:12:30 - SQL: SELECT * FROM FUNCOES WHERE ID = 2 ORDER BY ID
2021-12-09 20:12:30 - SQL: SELECT * FROM FUNCOES ORDER BY ID
2021-12-09 20:16:50 - SQL: SELECT * FROM FUNCIONARIOS ORDER BY ID
2021-12-09 20:16:50 - SQL: SELECT * FROM FUNCOES WHERE ID = 1 ORDER BY ID
2021-12-09 20:16:50 - SQL: SELECT * FROM FUNCOES WHERE ID = 2 ORDER BY ID
2021-12-09 20:16:51 - SQL: SELECT * FROM FUNCOES ORDER BY ID
2021-12-09 20:16:54 - SQL: SELECT * FROM USUARIOS WHERE LOGIN = 'Admin.dns.erp' AND SENHA = 'admin' ORDER BY ID
2021-12-09 20:27:23 - SQL: SELECT * FROM FUNCIONARIOS ORDER BY ID
2021-12-09 20:27:23 - SQL: SELECT * FROM FUNCOES ORDER BY ID
2021-12-09 20:27:35 - SQL: SELECT                                                F.LOGIN,                                         T.DESCRICAO AS TIPO,                             H.DESCRICAO,                                     H.DATA_HISTORICO                                   FROM FUNCIONARIOS F                              JOIN FUNCOES FU ON FU.ID = F.ID_FUNCAO            JOIN HISTORICO H ON H.ID_FUNCIONARIO = F.ID      JOIN TIPOS T ON T.ID = H.ID_TIPO               WHERE 1=1  AND  H.DATA_HISTORICO BETWEEN '12.09.2015' AND '12.09.2021'
2021-12-09 20:27:47 - SQL: SELECT                                                F.LOGIN,                                         T.DESCRICAO AS TIPO,                             H.DESCRICAO,                                     H.DATA_HISTORICO                                   FROM FUNCIONARIOS F                              JOIN FUNCOES FU ON FU.ID = F.ID_FUNCAO            JOIN HISTORICO H ON H.ID_FUNCIONARIO = F.ID      JOIN TIPOS T ON T.ID = H.ID_TIPO               WHERE 1=1  AND  H.DATA_HISTORICO BETWEEN '12.09.2015' AND '12.09.2021'
2021-12-09 20:27:48 - SQL: SELECT                                                F.LOGIN,                                         T.DESCRICAO AS TIPO,                             H.DESCRICAO,                                     H.DATA_HISTORICO                                   FROM FUNCIONARIOS F                              JOIN FUNCOES FU ON FU.ID = F.ID_FUNCAO            JOIN HISTORICO H ON H.ID_FUNCIONARIO = F.ID      JOIN TIPOS T ON T.ID = H.ID_TIPO               WHERE 1=1  AND  H.DATA_HISTORICO BETWEEN '12.09.2015' AND '12.09.2021'
2021-12-09 20:27:57 - SQL: SELECT                                                F.LOGIN,                                         T.DESCRICAO AS TIPO,                             H.DESCRICAO,                                     H.DATA_HISTORICO                                   FROM FUNCIONARIOS F                              JOIN FUNCOES FU ON FU.ID = F.ID_FUNCAO            JOIN HISTORICO H ON H.ID_FUNCIONARIO = F.ID      JOIN TIPOS T ON T.ID = H.ID_TIPO               WHERE 1=1  AND  H.DATA_HISTORICO BETWEEN '12.09.2015' AND '12.09.2022'
2021-12-09 20:28:04 - SQL: SELECT                                                F.LOGIN,                                         T.DESCRICAO AS TIPO,                             H.DESCRICAO,                                     H.DATA_HISTORICO                                   FROM FUNCIONARIOS F                              JOIN FUNCOES FU ON FU.ID = F.ID_FUNCAO            JOIN HISTORICO H ON H.ID_FUNCIONARIO = F.ID      JOIN TIPOS T ON T.ID = H.ID_TIPO               WHERE 1=1  AND FU.DESCRICAO = 'PROGRAMADOR' AND  H.DATA_HISTORICO BETWEEN '12.09.2015' AND '12.09.2022'
2021-12-09 20:28:08 - SQL: SELECT                                                F.LOGIN,                                         T.DESCRICAO AS TIPO,                             H.DESCRICAO,                                     H.DATA_HISTORICO                                   FROM FUNCIONARIOS F                              JOIN FUNCOES FU ON FU.ID = F.ID_FUNCAO            JOIN HISTORICO H ON H.ID_FUNCIONARIO = F.ID      JOIN TIPOS T ON T.ID = H.ID_TIPO               WHERE 1=1  AND F.LOGIN = 'Beltrano.dns.erp' AND FU.DESCRICAO = 'PROGRAMADOR' AND  H.DATA_HISTORICO BETWEEN '12.09.2015' AND '12.09.2022'
2021-12-09 20:28:09 - SQL: SELECT                                                F.LOGIN,                                         T.DESCRICAO AS TIPO,                             H.DESCRICAO,                                     H.DATA_HISTORICO                                   FROM FUNCIONARIOS F                              JOIN FUNCOES FU ON FU.ID = F.ID_FUNCAO            JOIN HISTORICO H ON H.ID_FUNCIONARIO = F.ID      JOIN TIPOS T ON T.ID = H.ID_TIPO               WHERE 1=1  AND F.LOGIN = 'Beltrano.dns.erp' AND FU.DESCRICAO = 'PROGRAMADOR' AND  H.DATA_HISTORICO BETWEEN '12.09.2015' AND '12.09.2022'
2021-12-09 20:34:57 - SQL: SELECT * FROM FUNCIONARIOS ORDER BY ID
2021-12-09 20:34:57 - SQL: SELECT * FROM FUNCOES WHERE ID = 1 ORDER BY ID
2021-12-09 20:34:57 - SQL: SELECT * FROM FUNCOES WHERE ID = 2 ORDER BY ID
2021-12-09 20:34:57 - SQL: SELECT * FROM FUNCOES ORDER BY ID
2021-12-09 20:35:35 - SQL: SELECT * FROM FUNCIONARIOS ORDER BY ID
2021-12-09 20:35:35 - SQL: SELECT * FROM FUNCOES WHERE ID = 1 ORDER BY ID
2021-12-09 20:35:35 - SQL: SELECT * FROM FUNCOES WHERE ID = 2 ORDER BY ID
2021-12-09 20:35:35 - SQL: SELECT * FROM FUNCOES ORDER BY ID
2021-12-09 20:35:49 - SQL: SELECT * FROM USUARIOS WHERE LOGIN = 'Admin.dns.erp' AND SENHA = 'admin' ORDER BY ID
2021-12-09 20:35:55 - SQL: SELECT * FROM FUNCIONARIOS ORDER BY ID
2021-12-09 20:35:55 - SQL: SELECT * FROM FUNCOES WHERE ID = 1 ORDER BY ID
2021-12-09 20:35:55 - SQL: SELECT * FROM FUNCOES WHERE ID = 2 ORDER BY ID
2021-12-09 20:35:57 - SQL: SELECT * FROM FUNCOES ORDER BY ID
2021-12-09 20:36:15 - SQL: SELECT * FROM FUNCIONARIOS ORDER BY ID
2021-12-09 20:36:15 - SQL: SELECT * FROM FUNCOES WHERE ID = 1 ORDER BY ID
2021-12-09 20:36:15 - SQL: SELECT * FROM FUNCOES WHERE ID = 2 ORDER BY ID
2021-12-09 20:36:46 - SQL: SELECT * FROM FUNCIONARIOS ORDER BY ID
2021-12-09 20:36:46 - SQL: SELECT * FROM FUNCOES WHERE ID = 1 ORDER BY ID
2021-12-09 20:36:46 - SQL: SELECT * FROM FUNCOES WHERE ID = 2 ORDER BY ID
2021-12-09 20:36:46 - SQL: SELECT * FROM FUNCOES ORDER BY ID
2021-12-09 20:37:00 - SQL: SELECT * FROM USUARIOS WHERE LOGIN = 'Admin.dns.erp' AND SENHA = 'admin' ORDER BY ID
2021-12-09 20:37:04 - SQL: SELECT * FROM FUNCIONARIOS ORDER BY ID
2021-12-09 20:37:04 - SQL: SELECT * FROM FUNCOES WHERE ID = 1 ORDER BY ID
2021-12-09 20:37:04 - SQL: SELECT * FROM FUNCOES WHERE ID = 2 ORDER BY ID
2021-12-09 20:37:06 - SQL: SELECT * FROM FUNCOES ORDER BY ID
2021-12-09 20:37:46 - SQL: INSERT INTO Funcionarios (Id,Nome,Login,Foto,Id_funcao,Salario,Data_admissao,Data_demissao,Observacao,Ativo) VALUES (5,'Janailson Rocha de Sousa','Jan.dns.erp','',1,10000,'11.09.2021',null,'Programador Delphi Pleno',1)
2021-12-09 20:37:46 - SQL: SELECT * FROM FUNCIONARIOS ORDER BY ID
2021-12-09 20:37:46 - SQL: SELECT * FROM FUNCOES WHERE ID = 1 ORDER BY ID
2021-12-09 20:37:47 - SQL: SELECT * FROM FUNCOES WHERE ID = 2 ORDER BY ID
2021-12-09 20:37:47 - SQL: SELECT * FROM FUNCOES WHERE ID = 1 ORDER BY ID
2021-12-09 20:37:52 - SQL: SELECT * FROM FUNCIONARIOS WHERE ID = 5 ORDER BY ID
2021-12-09 20:37:52 - SQL: SELECT * FROM TIPOS ORDER BY ID
2021-12-09 20:38:22 - SQL: INSERT INTO Historico (Id,Descricao,Id_tipo,Id_funcionario,Data_historico) VALUES (16,'Desenvolveu o Sistema de gerenciaomento de clientes',1,5,'18.09.2021 00:00:00')
2021-12-09 20:38:22 - SQL: SELECT * FROM FUNCIONARIOS WHERE ID = 5 ORDER BY ID
2021-12-09 20:38:22 - SQL: SELECT * FROM HISTORICO WHERE  1=1 ORDER BY DATA_HISTORICO DESC, ID DESC
2021-12-09 20:38:22 - SQL: SELECT * FROM TIPOS WHERE ID = 1 ORDER BY ID
2021-12-09 20:38:23 - SQL: SELECT * FROM TIPOS WHERE ID = 1 ORDER BY ID
2021-12-09 20:38:23 - SQL: SELECT * FROM TIPOS WHERE ID = 1 ORDER BY ID
2021-12-09 20:38:23 - SQL: SELECT * FROM TIPOS WHERE ID = 1 ORDER BY ID
2021-12-09 20:38:23 - SQL: SELECT * FROM TIPOS WHERE ID = 1 ORDER BY ID
2021-12-09 20:38:23 - SQL: SELECT * FROM TIPOS WHERE ID = 1 ORDER BY ID
2021-12-09 20:38:23 - SQL: SELECT * FROM TIPOS WHERE ID = 1 ORDER BY ID
2021-12-09 20:38:23 - SQL: SELECT * FROM TIPOS WHERE ID = 1 ORDER BY ID
2021-12-09 20:38:23 - SQL: SELECT * FROM TIPOS WHERE ID = 1 ORDER BY ID
2021-12-09 20:38:23 - SQL: SELECT * FROM TIPOS WHERE ID = 1 ORDER BY ID
2021-12-09 20:38:23 - SQL: SELECT * FROM TIPOS WHERE ID = 1 ORDER BY ID
2021-12-09 20:38:23 - SQL: SELECT * FROM TIPOS WHERE ID = 1 ORDER BY ID
2021-12-09 20:38:23 - SQL: SELECT * FROM TIPOS WHERE ID = 1 ORDER BY ID
2021-12-09 20:38:36 - SQL: SELECT * FROM FUNCIONARIOS ORDER BY ID
2021-12-09 20:38:36 - SQL: SELECT * FROM FUNCOES WHERE ID = 1 ORDER BY ID
2021-12-09 20:38:36 - SQL: SELECT * FROM FUNCOES WHERE ID = 2 ORDER BY ID
2021-12-09 20:38:36 - SQL: SELECT * FROM FUNCOES WHERE ID = 1 ORDER BY ID
2021-12-09 20:43:38 - SQL: SELECT * FROM FUNCIONARIOS ORDER BY ID
2021-12-09 20:43:38 - SQL: SELECT * FROM FUNCOES WHERE ID = 1 ORDER BY ID
2021-12-09 20:43:38 - SQL: SELECT * FROM FUNCOES WHERE ID = 2 ORDER BY ID
2021-12-09 20:43:38 - SQL: SELECT * FROM FUNCOES WHERE ID = 1 ORDER BY ID
2021-12-09 20:43:38 - SQL: SELECT * FROM FUNCOES ORDER BY ID
2021-12-09 20:43:52 - SQL: SELECT * FROM USUARIOS WHERE LOGIN = 'Admin.dns.erp' AND SENHA = 'admin' ORDER BY ID
2021-12-09 20:43:54 - SQL: SELECT * FROM FUNCIONARIOS ORDER BY ID
2021-12-09 20:43:54 - SQL: SELECT * FROM FUNCOES WHERE ID = 1 ORDER BY ID
2021-12-09 20:43:54 - SQL: SELECT * FROM FUNCOES WHERE ID = 2 ORDER BY ID
2021-12-09 20:43:55 - SQL: SELECT * FROM FUNCOES WHERE ID = 1 ORDER BY ID
2021-12-09 20:43:57 - SQL: SELECT * FROM FUNCOES ORDER BY ID
2021-12-09 20:44:03 - SQL: SELECT * FROM FUNCIONARIOS ORDER BY ID
2021-12-09 20:44:03 - SQL: SELECT * FROM FUNCOES WHERE ID = 1 ORDER BY ID
2021-12-09 20:44:03 - SQL: SELECT * FROM FUNCOES WHERE ID = 2 ORDER BY ID
2021-12-09 20:44:03 - SQL: SELECT * FROM FUNCOES WHERE ID = 1 ORDER BY ID
2021-12-09 20:44:06 - SQL: SELECT * FROM FUNCIONARIOS WHERE ID = 5 ORDER BY ID
2021-12-09 20:44:07 - SQL: SELECT * FROM TIPOS ORDER BY ID
2021-12-09 20:44:27 - SQL: INSERT INTO Historico (Id,Descricao,Id_tipo,Id_funcionario,Data_historico) VALUES (17,'Alteração no projeto.',1,5,'12.09.2021 00:00:00')
2021-12-09 20:44:27 - SQL: SELECT * FROM FUNCIONARIOS WHERE ID = 5 ORDER BY ID
2021-12-09 20:44:27 - SQL: SELECT * FROM HISTORICO WHERE  1=1 AND ID_FUNCIONARIO = 5 AND  ORDER BY DATA_HISTORICO DESC, ID DESC
2021-12-09 20:46:09 - SQL: SELECT * FROM FUNCIONARIOS ORDER BY ID
2021-12-09 20:46:09 - SQL: SELECT * FROM FUNCOES WHERE ID = 1 ORDER BY ID
2021-12-09 20:46:09 - SQL: SELECT * FROM FUNCOES WHERE ID = 2 ORDER BY ID
2021-12-09 20:46:09 - SQL: SELECT * FROM FUNCOES WHERE ID = 1 ORDER BY ID
2021-12-09 20:46:09 - SQL: SELECT * FROM FUNCOES ORDER BY ID
2021-12-09 20:46:39 - SQL: SELECT * FROM USUARIOS WHERE LOGIN = 'Admin.dns.erp' AND SENHA = 'admin' ORDER BY ID
2021-12-09 20:46:47 - SQL: SELECT * FROM FUNCIONARIOS ORDER BY ID
2021-12-09 20:46:47 - SQL: SELECT * FROM FUNCOES WHERE ID = 1 ORDER BY ID
2021-12-09 20:46:47 - SQL: SELECT * FROM FUNCOES WHERE ID = 2 ORDER BY ID
2021-12-09 20:46:47 - SQL: SELECT * FROM FUNCOES WHERE ID = 1 ORDER BY ID
2021-12-09 20:46:48 - SQL: SELECT * FROM FUNCIONARIOS WHERE ID = 5 ORDER BY ID
2021-12-09 20:46:49 - SQL: SELECT * FROM TIPOS ORDER BY ID
2021-12-09 20:47:00 - SQL: INSERT INTO Historico (Id,Descricao,Id_tipo,Id_funcionario,Data_historico) VALUES (18,'TESTE',1,5,'12.09.2021 00:00:00')
2021-12-09 20:47:00 - SQL: SELECT * FROM FUNCIONARIOS WHERE ID = 5 ORDER BY ID
2021-12-09 20:47:47 - SQL: SELECT * FROM FUNCIONARIOS ORDER BY ID
2021-12-09 20:47:47 - SQL: SELECT * FROM FUNCOES WHERE ID = 1 ORDER BY ID
2021-12-09 20:47:47 - SQL: SELECT * FROM FUNCOES WHERE ID = 2 ORDER BY ID
2021-12-09 20:47:47 - SQL: SELECT * FROM FUNCOES WHERE ID = 1 ORDER BY ID
2021-12-09 20:47:48 - SQL: SELECT * FROM FUNCOES ORDER BY ID
2021-12-09 20:47:55 - SQL: SELECT * FROM USUARIOS WHERE LOGIN = 'Admin.dns.erp' AND SENHA = 'admin' ORDER BY ID
2021-12-09 20:47:57 - SQL: SELECT * FROM FUNCIONARIOS ORDER BY ID
2021-12-09 20:47:57 - SQL: SELECT * FROM FUNCOES WHERE ID = 1 ORDER BY ID
2021-12-09 20:47:57 - SQL: SELECT * FROM FUNCOES WHERE ID = 2 ORDER BY ID
2021-12-09 20:47:57 - SQL: SELECT * FROM FUNCOES WHERE ID = 1 ORDER BY ID
2021-12-09 20:47:59 - SQL: SELECT * FROM FUNCIONARIOS WHERE ID = 5 ORDER BY ID
2021-12-09 20:47:59 - SQL: SELECT * FROM TIPOS ORDER BY ID
2021-12-09 20:48:18 - SQL: INSERT INTO Historico (Id,Descricao,Id_tipo,Id_funcionario,Data_historico) VALUES (19,'INTEGRAÇÃO COM IFOOD.',1,5,'13.09.2021 00:00:00')
2021-12-09 20:48:18 - SQL: SELECT * FROM FUNCIONARIOS WHERE ID = 5 ORDER BY ID
2021-12-09 20:48:19 - SQL: SELECT * FROM HISTORICO WHERE  1=1 AND ID_FUNCIONARIO = 5 ORDER BY DATA_HISTORICO DESC, ID DESC
2021-12-09 20:48:20 - SQL: SELECT * FROM TIPOS WHERE ID = 1 ORDER BY ID
2021-12-09 20:48:20 - SQL: SELECT * FROM TIPOS WHERE ID = 1 ORDER BY ID
2021-12-09 20:48:20 - SQL: SELECT * FROM TIPOS WHERE ID = 1 ORDER BY ID
2021-12-09 20:48:20 - SQL: SELECT * FROM TIPOS WHERE ID = 1 ORDER BY ID
2021-12-09 20:48:36 - SQL: SELECT * FROM FUNCIONARIOS ORDER BY ID
2021-12-09 20:48:36 - SQL: SELECT * FROM FUNCOES WHERE ID = 1 ORDER BY ID
2021-12-09 20:48:36 - SQL: SELECT * FROM FUNCOES WHERE ID = 2 ORDER BY ID
2021-12-09 20:48:36 - SQL: SELECT * FROM FUNCOES WHERE ID = 1 ORDER BY ID
