2021-11-09 09:56:09 - SQL: SELECT * FROM USUARIOS ORDER BY ID
2021-11-09 11:57:09 - SQL: SELECT * FROM USUARIOS ORDER BY ID
2021-11-09 12:01:53 - SQL: SELECT * FROM USUARIOS ORDER BY ID
2021-11-09 12:04:57 - SQL: SELECT * FROM USUARIOS ORDER BY ID
2021-11-09 12:10:52 - SQL: SELECT * FROM USUARIOS ORDER BY ID
2021-11-09 12:13:54 - SQL: SELECT * FROM USUARIOS ORDER BY ID
2021-11-09 12:14:37 - SQL: SELECT * FROM USUARIOS ORDER BY ID
2021-11-09 12:28:09 - SQL: SELECT * FROM USUARIOS ORDER BY ID
2021-11-09 13:02:27 - SQL: SELECT * FROM USUARIOS ORDER BY ID
2021-11-09 13:04:10 - SQL: SELECT * FROM USUARIOS ORDER BY ID
2021-11-09 13:04:40 - SQL: SELECT * FROM USUARIOS ORDER BY ID
2021-11-09 13:08:10 - SQL: SELECT * FROM USUARIOS ORDER BY ID
2021-11-09 13:25:18 - SQL: SELECT * FROM USUARIOS WHERE LOGIN = 'jan' AND SENHA = 'teste' ORDER BY ID
2021-11-09 13:29:08 - SQL: SELECT * FROM USUARIOS WHERE LOGIN = 'ADMIN' AND SENHA = 'ADMIN' ORDER BY ID
2021-11-09 13:29:09 - SQL: SELECT * FROM USUARIOS WHERE LOGIN = 'ADMIN' AND SENHA = 'ADMIN' ORDER BY ID
2021-11-09 13:29:10 - SQL: SELECT * FROM USUARIOS WHERE LOGIN = 'ADMIN' AND SENHA = 'ADMIN' ORDER BY ID
2021-11-09 13:29:37 - SQL: SELECT * FROM USUARIOS WHERE LOGIN = 'ADMIN' AND SENHA = 'ADMIN' ORDER BY ID
2021-11-09 13:44:26 - SQL: SELECT * FROM USUARIOS WHERE LOGIN = 'ADMIN' AND SENHA = 'ADMIN' ORDER BY ID
2021-11-09 13:51:38 - SQL: SELECT * FROM USUARIOS WHERE LOGIN = 'ADMIN' AND SENHA = 'admin' ORDER BY ID
2021-11-09 13:51:57 - SQL: SELECT * FROM USUARIOS WHERE LOGIN = 'ADMIN' AND SENHA = 'admin' ORDER BY ID
2021-11-09 15:47:19 - SQL: SELECT * FROM USUARIOS WHERE LOGIN = 'Exemplo.dns.Admin' AND SENHA = 'admin' ORDER BY ID
2021-11-09 15:58:44 - SQL: SELECT * FROM USUARIOS WHERE LOGIN = 'Exemplo.dns.Admin' AND SENHA = 'admin' ORDER BY ID
2021-11-09 15:59:57 - SQL: SELECT * FROM USUARIOS WHERE LOGIN = 'Exemplo.dns.Admin' AND SENHA = 'admon' ORDER BY ID
2021-11-09 16:00:00 - SQL: SELECT * FROM USUARIOS WHERE LOGIN = 'Exemplo.dns.Admin' AND SENHA = 'admin' ORDER BY ID
2021-11-09 16:01:08 - SQL: SELECT * FROM USUARIOS WHERE LOGIN = 'Exemplo.dns.Admin' AND SENHA = 'admin' ORDER BY ID
2021-11-09 16:18:05 - SQL: SELECT * FROM USUARIOS WHERE LOGIN = 'Exemplo.dns.Admin' AND SENHA = 'admin' ORDER BY ID
2021-11-09 17:03:54 - SQL: SELECT * FROM USUARIOS WHERE LOGIN = 'Exemplo.dns.Admin' AND SENHA = 'admin' ORDER BY ID
2021-11-09 17:04:45 - SQL: SELECT * FROM USUARIOS WHERE LOGIN = 'Exemplo.dns.Admin' AND SENHA = 'admin' ORDER BY ID
2021-11-09 17:06:19 - SQL: SELECT * FROM USUARIOS WHERE LOGIN = 'Exemplo.dns.admin' AND SENHA = 'admin' ORDER BY ID
2021-11-09 17:06:26 - SQL: SELECT * FROM USUARIOS WHERE LOGIN = 'Exemplo.dns.Admin' AND SENHA = ']' ORDER BY ID
2021-11-09 17:06:29 - SQL: SELECT * FROM USUARIOS WHERE LOGIN = 'Exemplo.dns.Admin' AND SENHA = 'admin' ORDER BY ID
2021-11-09 17:08:04 - SQL: SELECT * FROM USUARIOS WHERE LOGIN = 'Exemplo.dns.Admin' AND SENHA = 'admin' ORDER BY ID
2021-11-09 17:09:36 - SQL: SELECT * FROM USUARIOS WHERE LOGIN = 'Exemplo.dns.Admin' AND SENHA = 'admin' ORDER BY ID
2021-11-09 17:11:32 - SQL: SELECT * FROM USUARIOS WHERE LOGIN = 'Exemplo.dns.Admin' AND SENHA = 'admin' ORDER BY ID
2021-11-09 17:14:29 - SQL: SELECT * FROM USUARIOS WHERE LOGIN = 'Exemplo.dns.Admin' AND SENHA = 'admin' ORDER BY ID
2021-11-09 17:15:32 - SQL: SELECT * FROM USUARIOS WHERE LOGIN = 'Exemplo.dns.Admin' AND SENHA = 'admin' ORDER BY ID
2021-11-09 17:20:39 - SQL: SELECT * FROM USUARIOS WHERE LOGIN = 'Exemplo.dns.Admin' AND SENHA = 'admin' ORDER BY ID
2021-11-09 17:21:57 - SQL: SELECT * FROM USUARIOS WHERE LOGIN = 'Exemplo.dns.Admin' AND SENHA = 'admin' ORDER BY ID
2021-11-09 17:23:18 - SQL: SELECT * FROM USUARIOS WHERE LOGIN = 'Exemplo.dns.Admin' AND SENHA = 'admin' ORDER BY ID
2021-11-09 17:24:14 - SQL: SELECT * FROM USUARIOS WHERE LOGIN = 'Exemplo.dns.Admin' AND SENHA = 'admin' ORDER BY ID
2021-11-09 17:31:40 - SQL: SELECT * FROM USUARIOS WHERE LOGIN = 'Exemplo.dns.Admin' AND SENHA = 'admin' ORDER BY ID
2021-11-09 17:34:03 - SQL: SELECT * FROM USUARIOS WHERE LOGIN = 'Exemplo.dns.Admin' AND SENHA = 'admin' ORDER BY ID
2021-11-09 17:34:34 - SQL: SELECT * FROM USUARIOS WHERE LOGIN = 'Exemplo.dns.Admin' AND SENHA = 'admin' ORDER BY ID
2021-11-09 17:35:26 - SQL: SELECT * FROM USUARIOS WHERE LOGIN = 'Exemplo.dns.Admin' AND SENHA = 'admin' ORDER BY ID
2021-11-09 17:35:57 - SQL: SELECT * FROM USUARIOS WHERE LOGIN = 'Exemplo.dns.Admin' AND SENHA = 'admin' ORDER BY ID
2021-11-09 17:36:56 - SQL: SELECT * FROM USUARIOS WHERE LOGIN = 'Exemplo.dns.Admin' AND SENHA = 'admin' ORDER BY ID
2021-11-09 17:37:48 - SQL: SELECT * FROM USUARIOS WHERE LOGIN = 'Exemplo.dns.Admin' AND SENHA = 'admin' ORDER BY ID
2021-11-09 17:39:06 - SQL: SELECT * FROM USUARIOS WHERE LOGIN = 'Exemplo.dns.Admin' AND SENHA = 'admin' ORDER BY ID
2021-11-09 17:39:32 - SQL: SELECT * FROM USUARIOS WHERE LOGIN = 'Exemplo.dns.Admin' AND SENHA = 'admin' ORDER BY ID
2021-11-09 17:47:50 - SQL: SELECT * FROM USUARIOS WHERE LOGIN = 'Exemplo.dns.Admin' AND SENHA = 'admin' ORDER BY ID
2021-11-09 17:51:12 - SQL: SELECT * FROM USUARIOS WHERE LOGIN = 'Exemplo.dns.Admin' AND SENHA = 'admin' ORDER BY ID
2021-11-09 17:54:21 - SQL: SELECT * FROM USUARIOS WHERE LOGIN = 'Exemplo.dns.Admin' AND SENHA = 'admin' ORDER BY ID
2021-11-09 17:57:42 - SQL: SELECT * FROM USUARIOS WHERE LOGIN = 'Exemplo.dns.Admin' AND SENHA = 'admin' ORDER BY ID
2021-11-09 18:04:07 - SQL: SELECT * FROM USUARIOS WHERE LOGIN = 'Exemplo.dns.Admin' AND SENHA = 'admin' ORDER BY ID
2021-11-09 18:04:41 - SQL: SELECT * FROM USUARIOS WHERE LOGIN = 'Exemplo.dns.Admin' AND SENHA = 'admin' ORDER BY ID
2021-11-09 18:08:55 - SQL: SELECT * FROM USUARIOS WHERE LOGIN = 'Exemplo.dns.Admin' AND SENHA = 'admin' ORDER BY ID
2021-11-09 18:10:18 - SQL: SELECT * FROM USUARIOS WHERE LOGIN = 'Exemplo.dns.Admin' AND SENHA = 'admin' ORDER BY ID
2021-11-09 18:15:22 - SQL: SELECT * FROM USUARIOS WHERE LOGIN = 'Exemplo.dns.Admin' AND SENHA = 'admin' ORDER BY ID
2021-11-09 19:53:21 - SQL: SELECT * FROM USUARIOS WHERE LOGIN = 'Exemplo.dns.Admin' AND SENHA = 'admin' ORDER BY ID
2021-11-09 19:54:35 - SQL: SELECT * FROM USUARIOS WHERE LOGIN = 'Exemplo.dns.Admin' AND SENHA = 'admin' ORDER BY ID
2021-11-09 20:20:43 - SQL: SELECT * FROM USUARIOS WHERE LOGIN = 'Exemplo.dns.Admin' AND SENHA = 'admin' ORDER BY ID
2021-11-09 20:37:56 - SQL: SELECT * FROM USUARIOS WHERE LOGIN = 'Exemplo.dns.Admin' AND SENHA = 'admin' ORDER BY ID
2021-11-09 21:04:30 - SQL: SELECT * FROM USUARIOS WHERE LOGIN = 'Exemplo.dns.Admin' AND SENHA = 'admin' ORDER BY ID
2021-11-09 21:05:10 - SQL: SELECT * FROM USUARIOS WHERE LOGIN = 'Exemplo.dns.Admin' AND SENHA = 'admin' ORDER BY ID
2021-11-09 21:07:05 - SQL: SELECT * FROM USUARIOS WHERE LOGIN = 'Exemplo.dns.Admin' AND SENHA = 'admin' ORDER BY ID
2021-11-09 21:10:12 - SQL: SELECT * FROM USUARIOS WHERE LOGIN = 'Exemplo.dns.Admin' AND SENHA = 'admin' ORDER BY ID
2021-11-09 21:19:31 - SQL: SELECT * FROM USUARIOS WHERE LOGIN = 'Exemplo.dns.Admin' AND SENHA = 'admin' ORDER BY ID
2021-11-09 21:31:35 - SQL: SELECT * FROM USUARIOS WHERE LOGIN = 'Exemplo.dns.Admin' AND SENHA = 'admin' ORDER BY ID
2021-11-09 21:33:17 - SQL: INSERT INTO Funcionarios (Id,Nome,Login,Foto,Id_funcao,Salario,Data_admissao,Data_demissao,Observacao) VALUES (1,'fulano','fulano.dns.erp','',-1,0,null,null,'')
2021-11-09 21:33:50 - SQL: SELECT * FROM USUARIOS WHERE LOGIN = 'Exemplo.dns.Admin' AND SENHA = 'admin' ORDER BY ID
2021-11-09 21:36:12 - SQL: INSERT INTO Funcionarios (Id,Nome,Login,Foto,Id_funcao,Salario,Data_admissao,Data_demissao,Observacao) VALUES (2,'fulano','fulano.dns.erp','',0,0,null,null,'')
2021-11-09 22:02:42 - SQL: SELECT * FROM USUARIOS WHERE LOGIN = 'Exemplo.dns.Admin' AND SENHA = 'admin' ORDER BY ID
2021-11-09 22:03:12 - SQL: SELECT * FROM FUNCIONARIOS ORDER BY ID
2021-11-09 22:03:43 - SQL: SELECT * FROM FUNCOES ORDER BY ID
2021-11-09 22:03:44 - SQL: SELECT * FROM USUARIOS WHERE LOGIN = 'Exemplo.dns.Admin' AND SENHA = 'admin' ORDER BY ID
2021-11-09 22:03:48 - SQL: SELECT * FROM FUNCOES ORDER BY ID
2021-11-09 22:04:16 - SQL: SELECT * FROM FUNCOES WHERE DESCRICAO= 'PROGRAMADOR' ORDER BY ID
2021-11-09 22:04:21 - SQL: INSERT INTO Funcionarios (Id,Nome,Login,Foto,Id_funcao,Salario,Data_admissao,Data_demissao,Observacao) VALUES (3,'Fulano','Fulano.dns.erp','',1,0,null,null,'')
2021-11-09 22:04:21 - SQL: SELECT * FROM FUNCIONARIOS ORDER BY ID
2021-11-09 22:06:38 - SQL: SELECT * FROM FUNCOES ORDER BY ID
2021-11-09 22:11:47 - SQL: SELECT * FROM FUNCOES ORDER BY ID
2021-11-09 22:11:49 - SQL: SELECT * FROM USUARIOS WHERE LOGIN = 'Exemplo.dns.Admin' AND SENHA = 'admin' ORDER BY ID
2021-11-09 22:11:53 - SQL: SELECT * FROM FUNCOES ORDER BY ID
2021-11-09 22:11:57 - SQL: SELECT * FROM FUNCIONARIOS ORDER BY ID
2021-11-09 22:12:23 - SQL: SELECT * FROM FUNCIONARIOS ORDER BY ID
2021-11-09 22:12:23 - SQL: SELECT * FROM FUNCOES ORDER BY ID
2021-11-09 22:12:25 - SQL: SELECT * FROM USUARIOS WHERE LOGIN = 'Exemplo.dns.Admin' AND SENHA = 'admin' ORDER BY ID
2021-11-09 22:12:27 - SQL: SELECT * FROM FUNCIONARIOS ORDER BY ID
2021-11-09 23:31:31 - SQL: SELECT * FROM FUNCIONARIOS ORDER BY ID
2021-11-09 23:31:31 - SQL: SELECT * FROM FUNCOES ORDER BY ID
2021-11-09 23:31:33 - SQL: SELECT * FROM USUARIOS WHERE LOGIN = 'Exemplo.dns.Admin' AND SENHA = 'admin' ORDER BY ID
2021-11-09 23:31:36 - SQL: SELECT * FROM FUNCIONARIOS ORDER BY ID
2021-11-09 23:31:38 - SQL: SELECT * FROM FUNCOES ORDER BY ID
2021-11-09 23:32:21 - SQL: INSERT INTO Funcionarios (Id,Nome,Login,Foto,Id_funcao,Salario,Data_admissao,Data_demissao,Observacao) VALUES (4,'Beltrano','Beltrano.dns.erp','',2,0,'11.09.2021',null,'o cara é bom')
2021-11-09 23:32:21 - SQL: SELECT * FROM FUNCIONARIOS ORDER BY ID
2021-11-09 23:33:24 - SQL: SELECT * FROM FUNCOES ORDER BY ID
2021-11-09 23:34:04 - SQL: SELECT * FROM FUNCIONARIOS ORDER BY ID
2021-11-09 23:34:11 - SQL: SELECT * FROM FUNCOES ORDER BY ID
2021-11-09 23:34:13 - SQL: SELECT * FROM USUARIOS WHERE LOGIN = 'Exemplo.dns.Admin' AND SENHA = 'admin' ORDER BY ID
2021-11-09 23:34:17 - SQL: SELECT * FROM FUNCIONARIOS ORDER BY ID
2021-11-09 23:34:42 - SQL: SELECT * FROM FUNCOES ORDER BY ID
2021-11-09 23:34:54 - SQL: SELECT * FROM FUNCIONARIOS ORDER BY ID
2021-11-09 23:35:08 - SQL: SELECT * FROM FUNCOES ORDER BY ID
2021-11-09 23:35:47 - SQL: SELECT * FROM FUNCIONARIOS ORDER BY ID
2021-11-09 23:35:56 - SQL: SELECT * FROM FUNCOES ORDER BY ID
2021-11-09 23:37:26 - SQL: SELECT * FROM FUNCIONARIOS ORDER BY ID
2021-11-09 23:37:31 - SQL: SELECT * FROM FUNCOES ORDER BY ID
2021-11-09 23:37:33 - SQL: SELECT * FROM USUARIOS WHERE LOGIN = 'Exemplo.dns.Admin' AND SENHA = 'admin' ORDER BY ID
2021-11-09 23:37:36 - SQL: SELECT * FROM FUNCIONARIOS ORDER BY ID
2021-11-09 23:37:42 - SQL: SELECT * FROM FUNCOES ORDER BY ID
2021-11-09 23:37:42 - SQL: SELECT * FROM FUNCIONARIOS WHERE ID = 4 ORDER BY ID
2021-11-09 23:38:18 - SQL: SELECT * FROM FUNCIONARIOS WHERE ID = 4 ORDER BY ID
2021-11-09 23:38:28 - SQL: SELECT * FROM FUNCIONARIOS ORDER BY ID
2021-11-09 23:38:33 - SQL: SELECT * FROM FUNCOES ORDER BY ID
2021-11-09 23:38:33 - SQL: SELECT * FROM FUNCIONARIOS WHERE ID = 3 ORDER BY ID
2021-11-09 23:39:57 - SQL: SELECT * FROM FUNCIONARIOS ORDER BY ID
2021-11-09 23:39:57 - SQL: SELECT * FROM FUNCOES ORDER BY ID
2021-11-09 23:40:00 - SQL: SELECT * FROM USUARIOS WHERE LOGIN = 'Exemplo.dns.Admin' AND SENHA = 'admin' ORDER BY ID
2021-11-09 23:40:02 - SQL: SELECT * FROM FUNCIONARIOS ORDER BY ID
2021-11-09 23:40:03 - SQL: SELECT * FROM FUNCOES ORDER BY ID
2021-11-09 23:40:03 - SQL: SELECT * FROM FUNCIONARIOS WHERE ID = 3 ORDER BY ID
2021-11-09 23:40:13 - SQL: SELECT * FROM FUNCIONARIOS ORDER BY ID
2021-11-09 23:40:18 - SQL: SELECT * FROM FUNCOES ORDER BY ID
2021-11-09 23:40:18 - SQL: SELECT * FROM FUNCIONARIOS WHERE ID = 4 ORDER BY ID
2021-11-09 23:40:39 - SQL: SELECT * FROM FUNCIONARIOS ORDER BY ID
2021-11-09 23:40:42 - SQL: SELECT * FROM FUNCOES ORDER BY ID
2021-11-09 23:40:42 - SQL: SELECT * FROM FUNCIONARIOS WHERE ID = 3 ORDER BY ID
2021-11-09 23:40:51 - SQL: SELECT * FROM FUNCIONARIOS ORDER BY ID
2021-11-09 23:40:55 - SQL: SELECT * FROM FUNCOES ORDER BY ID
2021-11-09 23:40:55 - SQL: SELECT * FROM FUNCIONARIOS WHERE ID = 4 ORDER BY ID
2021-11-09 23:41:42 - SQL: SELECT * FROM FUNCIONARIOS ORDER BY ID
2021-11-09 23:41:42 - SQL: SELECT * FROM FUNCOES ORDER BY ID
2021-11-09 23:41:46 - SQL: SELECT * FROM USUARIOS WHERE LOGIN = 'Exemplo.dns.Admin' AND SENHA = 'admin' ORDER BY ID
2021-11-09 23:41:49 - SQL: SELECT * FROM FUNCIONARIOS ORDER BY ID
2021-11-09 23:41:54 - SQL: SELECT * FROM FUNCOES ORDER BY ID
2021-11-09 23:41:54 - SQL: SELECT * FROM FUNCIONARIOS WHERE ID = 4 ORDER BY ID
2021-11-09 23:42:57 - SQL: SELECT * FROM FUNCIONARIOS ORDER BY ID
2021-11-09 23:43:00 - SQL: SELECT * FROM FUNCOES ORDER BY ID
2021-11-09 23:43:00 - SQL: SELECT * FROM FUNCIONARIOS WHERE ID = 3 ORDER BY ID
2021-11-09 23:43:07 - SQL: SELECT * FROM FUNCIONARIOS ORDER BY ID
2021-11-09 23:43:08 - SQL: SELECT * FROM FUNCOES ORDER BY ID
2021-11-09 23:43:08 - SQL: SELECT * FROM FUNCIONARIOS WHERE ID = 4 ORDER BY ID
2021-11-09 23:43:14 - SQL: SELECT * FROM FUNCIONARIOS ORDER BY ID
2021-11-09 23:43:16 - SQL: SELECT * FROM FUNCOES ORDER BY ID
2021-11-09 23:43:16 - SQL: SELECT * FROM FUNCIONARIOS WHERE ID = 3 ORDER BY ID
2021-11-09 23:43:56 - SQL: SELECT * FROM FUNCIONARIOS ORDER BY ID
2021-11-09 23:43:56 - SQL: SELECT * FROM FUNCOES ORDER BY ID
2021-11-09 23:43:59 - SQL: SELECT * FROM USUARIOS WHERE LOGIN = 'Exemplo.dns.Admin' AND SENHA = 'admin' ORDER BY ID
2021-11-09 23:44:03 - SQL: SELECT * FROM FUNCIONARIOS ORDER BY ID
2021-11-09 23:44:05 - SQL: SELECT * FROM FUNCOES ORDER BY ID
2021-11-09 23:44:05 - SQL: SELECT * FROM FUNCIONARIOS WHERE ID = 3 ORDER BY ID
2021-11-09 23:44:12 - SQL: SELECT * FROM FUNCIONARIOS ORDER BY ID
2021-11-09 23:44:14 - SQL: SELECT * FROM FUNCOES ORDER BY ID
2021-11-09 23:44:14 - SQL: SELECT * FROM FUNCIONARIOS WHERE ID = 4 ORDER BY ID
2021-11-09 23:44:25 - SQL: SELECT * FROM FUNCIONARIOS WHERE ID = 4 ORDER BY ID
2021-11-09 23:44:25 - SQL: UPDATE Funcionarios SET Nome='Beltrano',Login='Beltrano.dns.erp',Foto='',Id_funcao=2,Salario=0,Data_admissao='11.09.2021',Data_demissao=null,Observacao='o cara é bom' WHERE ID = 4
2021-11-09 23:44:25 - SQL: SELECT * FROM FUNCIONARIOS ORDER BY ID
2021-11-09 23:44:28 - SQL: SELECT * FROM FUNCOES ORDER BY ID
2021-11-09 23:44:28 - SQL: SELECT * FROM FUNCIONARIOS WHERE ID = 4 ORDER BY ID
2021-11-09 23:44:43 - SQL: SELECT * FROM FUNCIONARIOS WHERE ID = 4 ORDER BY ID
2021-11-09 23:44:43 - SQL: UPDATE Funcionarios SET Nome='Beltrano',Login='Beltrano.dns.erp',Foto='',Id_funcao=2,Salario=0,Data_admissao='11.09.2021',Data_demissao=null,Observacao='o cara é bom' WHERE ID = 4
2021-11-09 23:44:43 - SQL: SELECT * FROM FUNCIONARIOS ORDER BY ID
2021-11-09 23:44:45 - SQL: SELECT * FROM FUNCOES ORDER BY ID
2021-11-09 23:44:45 - SQL: SELECT * FROM FUNCIONARIOS WHERE ID = 3 ORDER BY ID
2021-11-09 23:44:48 - SQL: SELECT * FROM FUNCIONARIOS ORDER BY ID
2021-11-09 23:44:49 - SQL: SELECT * FROM FUNCOES ORDER BY ID
2021-11-09 23:44:49 - SQL: SELECT * FROM FUNCIONARIOS WHERE ID = 4 ORDER BY ID
2021-11-09 23:45:57 - SQL: SELECT * FROM FUNCIONARIOS ORDER BY ID
2021-11-09 23:45:57 - SQL: SELECT * FROM FUNCOES ORDER BY ID
2021-11-09 23:46:02 - SQL: SELECT * FROM USUARIOS WHERE LOGIN = 'Exemplo.dns.Admin' AND SENHA = 'admin' ORDER BY ID
2021-11-09 23:46:04 - SQL: SELECT * FROM FUNCIONARIOS ORDER BY ID
2021-11-09 23:46:06 - SQL: SELECT * FROM FUNCOES ORDER BY ID
2021-11-09 23:46:06 - SQL: SELECT * FROM FUNCIONARIOS WHERE ID = 4 ORDER BY ID
2021-11-09 23:46:12 - SQL: SELECT * FROM FUNCIONARIOS WHERE ID = 4 ORDER BY ID
2021-11-09 23:46:12 - SQL: UPDATE Funcionarios SET Nome='Beltrano',Login='Beltrano.dns.erp',Foto='',Id_funcao=2,Salario=500,Data_admissao='11.09.2021',Data_demissao=null,Observacao='o cara é bom' WHERE ID = 4
2021-11-09 23:46:12 - SQL: SELECT * FROM FUNCIONARIOS ORDER BY ID
2021-11-09 23:46:15 - SQL: SELECT * FROM FUNCOES ORDER BY ID
2021-11-09 23:46:15 - SQL: SELECT * FROM FUNCIONARIOS WHERE ID = 4 ORDER BY ID
2021-11-09 23:46:18 - SQL: SELECT * FROM FUNCIONARIOS ORDER BY ID
2021-11-09 23:48:24 - SQL: SELECT * FROM FUNCIONARIOS ORDER BY ID
2021-11-09 23:49:28 - SQL: SELECT * FROM FUNCIONARIOS ORDER BY ID
2021-11-09 23:49:28 - SQL: SELECT * FROM FUNCOES ORDER BY ID
2021-11-09 23:52:37 - SQL: SELECT * FROM FUNCIONARIOS ORDER BY ID
2021-11-09 23:52:37 - SQL: SELECT * FROM FUNCOES ORDER BY ID
2021-11-09 23:52:38 - SQL: SELECT * FROM USUARIOS WHERE LOGIN = 'Exemplo.dns.Admin' AND SENHA = 'admin' ORDER BY ID
2021-11-09 23:52:42 - SQL: SELECT * FROM FUNCIONARIOS ORDER BY ID
2021-11-09 23:53:19 - SQL: SELECT * FROM FUNCOES ORDER BY ID
2021-11-09 23:53:19 - SQL: SELECT * FROM FUNCIONARIOS WHERE ID = 3 ORDER BY ID
2021-11-09 23:53:30 - SQL: SELECT * FROM FUNCIONARIOS ORDER BY ID
2021-11-09 23:53:40 - SQL: SELECT * FROM FUNCOES ORDER BY ID
2021-11-09 23:53:40 - SQL: SELECT * FROM FUNCIONARIOS WHERE ID = 3 ORDER BY ID
2021-11-09 23:55:06 - SQL: SELECT * FROM FUNCIONARIOS ORDER BY ID
2021-11-09 23:55:06 - SQL: SELECT * FROM FUNCOES ORDER BY ID
2021-11-09 23:55:09 - SQL: SELECT * FROM USUARIOS WHERE LOGIN = 'Exemplo.dns.Admin' AND SENHA = 'admin' ORDER BY ID
2021-11-09 23:55:11 - SQL: SELECT * FROM FUNCIONARIOS ORDER BY ID
2021-11-09 23:55:13 - SQL: SELECT * FROM FUNCIONARIOS WHERE ID = 4 ORDER BY ID
2021-11-09 23:55:13 - SQL: UPDATE Funcionarios SET Nome='Beltrano',Login='Beltrano.dns.erp',Foto='',Id_funcao=2,Salario=500,Data_admissao='11.09.2021',Data_demissao=null,Observacao='o cara é bom',Ativo=0 WHERE ID = 4
2021-11-09 23:55:13 - SQL: SELECT * FROM FUNCIONARIOS ORDER BY ID
2021-11-09 23:55:15 - SQL: SELECT * FROM FUNCIONARIOS WHERE ID = 3 ORDER BY ID
2021-11-09 23:55:15 - SQL: UPDATE Funcionarios SET Nome='Fulano',Login='Fulano.dns.erp',Foto='',Id_funcao=1,Salario=100,Data_admissao=null,Data_demissao=null,Observacao='',Ativo=0 WHERE ID = 3
2021-11-09 23:55:15 - SQL: SELECT * FROM FUNCIONARIOS ORDER BY ID
